<?xml version="1.0" encoding="UTF-8"?>
<!-- Generated by org.testng.reporters.JUnitXMLReporter -->
<testsuite hostname="qh11284374" name="Test" tests="15" failures="3" timestamp="18 Jul 2018 23:19:26 GMT" time="0.549" errors="0">
  <testcase name="@AfterClass dClose" time="0.0" classname="Swift.Apptest2">
    <failure type="java.lang.NullPointerException">
      <![CDATA[java.lang.NullPointerException
	at Swift.Apptest2.dClose(Apptest2.java:161)
... Removed 24 stack frames]]>
    </failure>
  </testcase> <!-- @AfterClass dClose -->
  <testcase name="@AfterClass dClose" time="0.0" classname="Swift.AppTest">
    <failure type="java.lang.NullPointerException">
      <![CDATA[java.lang.NullPointerException
	at Swift.AppTest.dClose(AppTest.java:176)
... Removed 24 stack frames]]>
    </failure>
  </testcase> <!-- @AfterClass dClose -->
  <testcase name="launchSwift1" time="0.163" classname="Swift.Apptest2">
    <failure type="java.lang.IllegalArgumentException" message="No enum constant org.openqa.selenium.ie.InternetExplorerDriverLogLevel.NULL">
      <![CDATA[java.lang.IllegalArgumentException: No enum constant org.openqa.selenium.ie.InternetExplorerDriverLogLevel.NULL
	at java.lang.Enum.valueOf(Unknown Source)
	at org.openqa.selenium.ie.InternetExplorerDriverLogLevel.valueOf(InternetExplorerDriverLogLevel.java:20)
	at org.openqa.selenium.ie.InternetExplorerDriverService$Builder.createArgs(InternetExplorerDriverService.java:185)
	at org.openqa.selenium.remote.service.DriverService$Builder.build(DriverService.java:338)
	at org.openqa.selenium.ie.InternetExplorerDriver.setupService(InternetExplorerDriver.java:291)
	at org.openqa.selenium.ie.InternetExplorerDriver.<init>(InternetExplorerDriver.java:213)
	at org.openqa.selenium.ie.InternetExplorerDriver.<init>(InternetExplorerDriver.java:152)
	at com.Swift.java.Base.fn_LaunchBrowser(Base.java:166)
	at Swift.Apptest2.launchSwift1(Apptest2.java:37)
... Removed 24 stack frames]]>
    </failure>
  </testcase> <!-- launchSwift1 -->
  <testcase name="logIn" time="0.001" classname="Swift.Apptest2">
    <skipped/>
  </testcase> <!-- logIn -->
  <testcase name="Setaccess" time="0.0" classname="Swift.Apptest2">
    <skipped/>
  </testcase> <!-- Setaccess -->
  <testcase name="Setaccess1" time="0.0" classname="Swift.Apptest2">
    <skipped/>
  </testcase> <!-- Setaccess1 -->
  <testcase name="Setaccess2" time="0.0" classname="Swift.Apptest2">
    <skipped/>
  </testcase> <!-- Setaccess2 -->
  <testcase name="Setaccess3" time="0.0" classname="Swift.Apptest2">
    <skipped/>
  </testcase> <!-- Setaccess3 -->
  <testcase name="launchSwiftIE1" time="0.011" classname="Swift.AppTest">
    <failure type="java.lang.IllegalArgumentException" message="No enum constant org.openqa.selenium.ie.InternetExplorerDriverLogLevel.NULL">
      <![CDATA[java.lang.IllegalArgumentException: No enum constant org.openqa.selenium.ie.InternetExplorerDriverLogLevel.NULL
	at java.lang.Enum.valueOf(Unknown Source)
	at org.openqa.selenium.ie.InternetExplorerDriverLogLevel.valueOf(InternetExplorerDriverLogLevel.java:20)
	at org.openqa.selenium.ie.InternetExplorerDriverService$Builder.createArgs(InternetExplorerDriverService.java:185)
	at org.openqa.selenium.remote.service.DriverService$Builder.build(DriverService.java:338)
	at org.openqa.selenium.ie.InternetExplorerDriver.setupService(InternetExplorerDriver.java:291)
	at org.openqa.selenium.ie.InternetExplorerDriver.<init>(InternetExplorerDriver.java:213)
	at org.openqa.selenium.ie.InternetExplorerDriver.<init>(InternetExplorerDriver.java:152)
	at com.Swift.java.Base.fn_LaunchBrowser(Base.java:166)
	at Swift.AppTest.launchSwiftIE1(AppTest.java:29)
... Removed 24 stack frames]]>
    </failure>
  </testcase> <!-- launchSwiftIE1 -->
  <testcase name="Dummy1" time="0.001" classname="Swift.AppTest">
    <skipped/>
  </testcase> <!-- Dummy1 -->
  <testcase name="Dummy2" time="0.004" classname="Swift.AppTest">
    <failure type="java.lang.AssertionError" message="Demo Failure message">
      <![CDATA[java.lang.AssertionError: Demo Failure message
	at Swift.AppTest.Dummy2(AppTest.java:147)
... Removed 25 stack frames]]>
    </failure>
  </testcase> <!-- Dummy2 -->
  <testcase name="verifyElements" time="0.001" classname="Swift.AppTest">
    <skipped/>
  </testcase> <!-- verifyElements -->
  <testcase name="logInInvalid" time="0.0" classname="Swift.AppTest">
    <skipped/>
  </testcase> <!-- logInInvalid -->
  <testcase name="logIn" time="0.0" classname="Swift.AppTest">
    <skipped/>
  </testcase> <!-- logIn -->
  <testcase name="checktabs" time="0.0" classname="Swift.AppTest">
    <skipped/>
  </testcase> <!-- checktabs -->
  <testcase name="Footerlink" time="0.0" classname="Swift.AppTest">
    <skipped/>
  </testcase> <!-- Footerlink -->
  <testcase name="logOUT" time="0.0" classname="Swift.AppTest">
    <skipped/>
  </testcase> <!-- logOUT -->
</testsuite> <!-- Test -->
