<?xml version="1.0" encoding="UTF-8"?>
<!-- Generated by org.testng.reporters.JUnitReportReporter -->
<testsuite hostname="qh11284374" name="com.GSFS.forms.Form1" tests="3" failures="3" timestamp="13 Jul 2018 05:26:17 GMT" time="0.386" errors="0">
  <testcase name="patientdetails" time="0.000" classname="com.GSFS.forms.Form1"/>
  <testcase name="launchGSFS" time="0.385" classname="com.GSFS.forms.Form1">
    <failure type="java.lang.IllegalArgumentException" message="No enum constant org.openqa.selenium.ie.InternetExplorerDriverLogLevel.NULL">
      <![CDATA[java.lang.IllegalArgumentException: No enum constant org.openqa.selenium.ie.InternetExplorerDriverLogLevel.NULL
	at java.lang.Enum.valueOf(Unknown Source)
	at org.openqa.selenium.ie.InternetExplorerDriverLogLevel.valueOf(InternetExplorerDriverLogLevel.java:20)
	at org.openqa.selenium.ie.InternetExplorerDriverService$Builder.createArgs(InternetExplorerDriverService.java:185)
	at org.openqa.selenium.remote.service.DriverService$Builder.build(DriverService.java:338)
	at org.openqa.selenium.ie.InternetExplorerDriver.setupService(InternetExplorerDriver.java:291)
	at org.openqa.selenium.ie.InternetExplorerDriver.<init>(InternetExplorerDriver.java:213)
	at org.openqa.selenium.ie.InternetExplorerDriver.<init>(InternetExplorerDriver.java:152)
	at com.Swift.java.Base.fn_LaunchBrowser(Base.java:166)
	at com.GSFS.forms.Form1.launchGSFS(Form1.java:21)
	at sun.reflect.NativeMethodAccessorImpl.invoke0(Native Method)
	at sun.reflect.NativeMethodAccessorImpl.invoke(Unknown Source)
	at sun.reflect.DelegatingMethodAccessorImpl.invoke(Unknown Source)
	at java.lang.reflect.Method.invoke(Unknown Source)
	at org.testng.internal.MethodInvocationHelper.invokeMethod(MethodInvocationHelper.java:80)
	at org.testng.internal.Invoker.invokeMethod(Invoker.java:714)
	at org.testng.internal.Invoker.invokeTestMethod(Invoker.java:901)
	at org.testng.internal.Invoker.invokeTestMethods(Invoker.java:1231)
	at org.testng.internal.TestMethodWorker.invokeTestMethods(TestMethodWorker.java:127)
	at org.testng.internal.TestMethodWorker.run(TestMethodWorker.java:111)
	at org.testng.TestRunner.privateRun(TestRunner.java:767)
	at org.testng.TestRunner.run(TestRunner.java:617)
	at org.testng.SuiteRunner.runTest(SuiteRunner.java:334)
	at org.testng.SuiteRunner.runSequentially(SuiteRunner.java:329)
	at org.testng.SuiteRunner.privateRun(SuiteRunner.java:291)
	at org.testng.SuiteRunner.run(SuiteRunner.java:240)
	at org.testng.SuiteRunnerWorker.runSuite(SuiteRunnerWorker.java:52)
	at org.testng.SuiteRunnerWorker.run(SuiteRunnerWorker.java:86)
	at org.testng.TestNG.runSuitesSequentially(TestNG.java:1198)
	at org.testng.TestNG.runSuitesLocally(TestNG.java:1123)
	at org.testng.TestNG.run(TestNG.java:1031)
	at org.testng.remote.AbstractRemoteTestNG.run(AbstractRemoteTestNG.java:114)
	at org.testng.remote.RemoteTestNG.initAndRun(RemoteTestNG.java:251)
	at org.testng.remote.RemoteTestNG.main(RemoteTestNG.java:77)
]]>
    </failure>
  </testcase> <!-- launchGSFS -->
  <testcase name="loginDetails" time="0.001" classname="com.GSFS.forms.Form1"/>
</testsuite> <!-- com.GSFS.forms.Form1 -->
