<!DOCTYPE html PUBLIC "-//W3C//DTD XHTML 1.1//EN" "http://www.w3.org/TR/xhtml11/DTD/xhtml11.dtd">
<html xmlns="http://www.w3.org/1999/xhtml">
<head>
<title>TestNG:  Unit Test</title>
<style type="text/css">
table caption,table.info_table,table.result,table.passed,table.failed {margin-bottom:10px;border:1px solid #000099;border-collapse:collapse;empty-cells:show;}
table.info_table td,table.info_table th,table.result td,table.result th,table.passed td,table.passed th,table.failed td,table.failed th {
border:1px solid #000099;padding:.25em .5em .25em .5em
}
table.result th {vertical-align:bottom}
tr.param th {padding-left:1em;padding-right:1em}
tr.param td {padding-left:.5em;padding-right:2em}
td.numi,th.numi,td.numi_attn {
text-align:right
}
tr.total td {font-weight:bold}
table caption {
text-align:center;font-weight:bold;
}
table.passed tr.stripe td,table tr.passedodd td {background-color: #00AA00;}
table.passed td,table tr.passedeven td {background-color: #33FF33;}
table.passed tr.stripe td,table tr.skippedodd td {background-color: #cccccc;}
table.passed td,table tr.skippedodd td {background-color: #dddddd;}
table.failed tr.stripe td,table tr.failedodd td,table.result td.numi_attn {background-color: #FF3333;}
table.failed td,table tr.failedeven td,table.result tr.stripe td.numi_attn {background-color: #DD0000;}
tr.stripe td,tr.stripe th {background-color: #E6EBF9;}
p.totop {font-size:85%;text-align:center;border-bottom:2px black solid}
div.shootout {padding:2em;border:3px #4854A8 solid}
</style>
</head>
<body>
<table cellspacing="0" cellpadding="0" class="result">
<tr><th>Test</th><th class="numi">Methods<br/>Passed</th><th class="numi">Scenarios<br/>Passed</th><th class="numi"># skipped</th><th class="numi"># failed</th><th class="numi">Total<br/>Time</th><th class="numi">Included<br/>Groups</th><th class="numi">Excluded<br/>Groups</th></tr>
<tr><td style="text-align:left;padding-right:2em">Apptest</td><td class="numi">0</td><td class="numi">0</td><td class="numi_attn">7</td><td class="numi_attn">2</td><td class="numi">110.1 seconds</td><td class="numi"></td><td class="numi"></td></tr>
<tr class="stripe"><td style="text-align:left;padding-right:2em">Apptest3</td><td class="numi">2</td><td class="numi">2</td><td class="numi">0</td><td class="numi_attn">2</td><td class="numi">162.6 seconds</td><td class="numi"></td><td class="numi"></td></tr>
<tr><td style="text-align:left;padding-right:2em">Apptest2</td><td class="numi">1</td><td class="numi">1</td><td class="numi_attn">4</td><td class="numi_attn">4</td><td class="numi">31,188.6 seconds</td><td class="numi"></td><td class="numi"></td></tr>
<tr class="total"><td>Total</td>
<td class="numi">3</td><td class="numi">3</td><td class="numi_attn">11</td><td class="numi_attn">8</td><td class="numi">31,188.6 seconds</td><td colspan="2">&nbsp;</td></tr>
</table>
<table cellspacing="0" cellpadding="0" class="passed" id="summary">
<tr><th>Class</th><th>Method</th><th># of<br/>Scenarios</th><th>Start</th><th>Time<br/>(ms)</th></tr>
<tr><th colspan="4">Apptest &#8212; failed</th></tr>
<tr class="failedodd"><td rowspan="2">Swift.AppTest</td><td><a href="#m1"><b>launchSwiftIE1</b>  ("Launching the IE Browsers and performing the settings on Browser")</a></td><td class="numi">1</td><td>1531960436213</td><td class="numi">110039</td></tr><tr class="failedodd"><td><a href="#m2"><b>Dummy2</b>  ("The is a demo test case to record failure")</a></td><td class="numi">1</td><td>1531960546310</td><td class="numi">0</td></tr>
<tr><th colspan="4">Apptest &#8212; skipped</th></tr>
<tr class="skippedodd"><td rowspan="7">Swift.AppTest</td><td><a href="#m3"><b>Dummy1</b>  ("This is a dummy test case to verify that Skipping option of the Framework works Properly")</a></td><td class="numi">1</td><td>1531960546277</td><td class="numi">0</td></tr><tr class="skippedodd"><td><a href="#m4"><b>logIn</b>  ("Login should be successful ")</a></td><td class="numi">1</td><td>1531960546336</td><td class="numi">0</td></tr><tr class="skippedodd"><td><a href="#m5"><b>Footerlink</b>  ("Links at the footer exits")</a></td><td class="numi">1</td><td>1531960546336</td><td class="numi">0</td></tr><tr class="skippedodd"><td><a href="#m6"><b>verifyElements</b>  ("Verify the elements on the Login Page")</a></td><td class="numi">1</td><td>1531960546335</td><td class="numi">0</td></tr><tr class="skippedodd"><td><a href="#m7"><b>logOUT</b>  ("This is checking the Logout Button and logout Operations ")</a></td><td class="numi">1</td><td>1531960546336</td><td class="numi">0</td></tr><tr class="skippedodd"><td><a href="#m8"><b>checktabs</b>  ("Check all the menu tabs and click to check Navigation in menu works")</a></td><td class="numi">1</td><td>1531960546336</td><td class="numi">0</td></tr><tr class="skippedodd"><td><a href="#m9"><b>logInInvalid</b>  ("Launch the application and test with invalid user and it should fail")</a></td><td class="numi">1</td><td>1531960546335</td><td class="numi">1</td></tr>
<tr><th colspan="4">Apptest3 &#8212; failed</th></tr>
<tr class="failedodd"><td rowspan="2">Swift.Apptest3</td><td><a href="#m10"><b>launchSwiftIE1</b>  ("Launching the  Browsers and performing the settings on Browser")</a></td><td class="numi">1</td><td>1531960436222</td><td class="numi">107857</td></tr><tr class="failedodd"><td><a href="#m11"><b>login</b>  ("Login")</a></td><td class="numi">1</td><td>1531960546135</td><td class="numi">117</td></tr>
<tr><th colspan="4">Apptest3 &#8212; passed</th></tr>
<tr class="passedodd"><td rowspan="2">Swift.Apptest3</td><td><a href="#m12"><b>login1</b>  ("Login")</a></td><td class="numi">1</td><td>1531960548295</td><td class="numi">24372</td></tr><tr class="passedodd"><td><a href="#m13"><b>login2</b>  ("Login")</a></td><td class="numi">1</td><td>1531960574685</td><td class="numi">21414</td></tr>
<tr><th colspan="4">Apptest2 &#8212; failed</th></tr>
<tr class="failedodd"><td rowspan="4">Swift.AppTest</td><td><a href="#m14"><b>Dummy2</b>  ("The is a demo test case to record failure")</a></td><td class="numi">1</td><td>1531960443815</td><td class="numi">2</td></tr><tr class="failedodd"><td><a href="#m15"><b>verifyElements</b>  ("Verify the elements on the Login Page")</a></td><td class="numi">1</td><td>1531960443910</td><td class="numi">102236</td></tr><tr class="failedodd"><td><a href="#m16"><b>logInInvalid</b>  ("Launch the application and test with invalid user and it should fail")</a></td><td class="numi">1</td><td>1531960546184</td><td class="numi">13</td></tr><tr class="failedodd"><td><a href="#m17"><b>logIn</b>  ("Login should be successful ")</a></td><td class="numi">1</td><td>1531960546225</td><td class="numi">31078431</td></tr>
<tr><th colspan="4">Apptest2 &#8212; skipped</th></tr>
<tr class="skippedodd"><td rowspan="4">Swift.AppTest</td><td><a href="#m18"><b>Dummy1</b>  ("This is a dummy test case to verify that Skipping option of the Framework works Properly")</a></td><td class="numi">1</td><td>1531960443776</td><td class="numi">0</td></tr><tr class="skippedodd"><td><a href="#m19"><b>logOUT</b>  ("This is checking the Logout Button and logout Operations ")</a></td><td class="numi">1</td><td>1531991624843</td><td class="numi">1</td></tr><tr class="skippedodd"><td><a href="#m20"><b>checktabs</b>  ("Check all the menu tabs and click to check Navigation in menu works")</a></td><td class="numi">1</td><td>1531991624842</td><td class="numi">0</td></tr><tr class="skippedodd"><td><a href="#m21"><b>Footerlink</b>  ("Links at the footer exits")</a></td><td class="numi">1</td><td>1531991624843</td><td class="numi">0</td></tr>
<tr><th colspan="4">Apptest2 &#8212; passed</th></tr>
<tr class="passedodd"><td rowspan="1">Swift.AppTest</td><td><a href="#m22"><b>launchSwiftIE1</b>  ("Launching the IE Browsers and performing the settings on Browser")</a></td><td class="numi">1</td><td>1531960436213</td><td class="numi">7094</td></tr>
</table>
<h1>Apptest</h1>
<h2 id="m1">Swift.AppTest:launchSwiftIE1</h2>
<div style="padding-left:3em">
<p>Unable to get browser
Build info: version: &apos;3.12.0&apos;, revision: &apos;7c6e0b3&apos;, time: &apos;2018-05-08T14:04:26.12Z&apos;
System info: host: &apos;QH11284374&apos;, ip: &apos;10.56.179.44&apos;, os.name: &apos;Windows 7&apos;, os.arch: &apos;amd64&apos;, os.version: &apos;6.1&apos;, java.version: &apos;1.8.0_171&apos;
Driver info: org.openqa.selenium.ie.InternetExplorerDriver
Capabilities {acceptInsecureCerts: false, browserName: internet explorer, browserVersion: 11, javascriptEnabled: true, pageLoadStrategy: normal, platform: WINDOWS, platformName: WINDOWS, proxy: Proxy(), se:ieOptions: {browserAttachTimeout: 0, elementScrollBehavior: 0, enablePersistentHover: true, ie.browserCommandLineSwitches: , ie.ensureCleanSession: false, ie.fileUploadDialogTimeout: 3000, ie.forceCreateProcessApi: false, ignoreProtectedModeSettings: false, ignoreZoomSetting: false, initialBrowserUrl: http://localhost:9630/, nativeEvents: true, requireWindowFocus: false}, setWindowRect: true, timeouts: {implicit: 0, pageLoad: 300000, script: 30000}}
Session ID: 49b1594b-8350-4f6e-8991-98740ea210c9</p>
sun.reflect.NativeConstructorAccessorImpl.newInstance0(Native Method)
<br/>at sun.reflect.NativeConstructorAccessorImpl.newInstance(NativeConstructorAccessorImpl.java:62)
<br/>at sun.reflect.DelegatingConstructorAccessorImpl.newInstance(DelegatingConstructorAccessorImpl.java:45)
<br/>at java.lang.reflect.Constructor.newInstance(Constructor.java:423)
<br/>at org.openqa.selenium.remote.http.W3CHttpResponseCodec.createException(W3CHttpResponseCodec.java:187)
<br/>at org.openqa.selenium.remote.http.W3CHttpResponseCodec.decode(W3CHttpResponseCodec.java:122)
<br/>at org.openqa.selenium.remote.http.W3CHttpResponseCodec.decode(W3CHttpResponseCodec.java:49)
<br/>at org.openqa.selenium.remote.HttpCommandExecutor.execute(HttpCommandExecutor.java:158)
<br/>at org.openqa.selenium.remote.service.DriverCommandExecutor.execute(DriverCommandExecutor.java:83)
<br/>at org.openqa.selenium.remote.RemoteWebDriver.execute(RemoteWebDriver.java:543)
<br/>at org.openqa.selenium.remote.RemoteWebDriver.get(RemoteWebDriver.java:271)
<br/>at Swift.AppTest.launchSwiftIE1(AppTest.java:30)
<br/>21 lines not shown
</div>
<p class="totop"><a href="#summary">back to summary</a></p>
<h2 id="m2">Swift.AppTest:Dummy2</h2>
<div style="padding-left:3em">
<p>Demo Failure message</p>
org.testng.Assert.fail(Assert.java:94)
<br/>at Swift.AppTest.Dummy2(AppTest.java:147)
<br/>21 lines not shown
</div>
<p class="totop"><a href="#summary">back to summary</a></p>
<h2 id="m3">Swift.AppTest:logIn</h2>
<p class="totop"><a href="#summary">back to summary</a></p>
<h2 id="m4">Swift.AppTest:Footerlink</h2>
<p class="totop"><a href="#summary">back to summary</a></p>
<h2 id="m5">Swift.AppTest:verifyElements</h2>
<p class="totop"><a href="#summary">back to summary</a></p>
<h2 id="m6">Swift.AppTest:logOUT</h2>
<p class="totop"><a href="#summary">back to summary</a></p>
<h2 id="m7">Swift.AppTest:Dummy1</h2>
<div style="padding-left:3em">
<p>Skipping Demo</p>
Swift.AppTest.Dummy1(AppTest.java:142)
<br/>21 lines not shown
</div>
<p class="totop"><a href="#summary">back to summary</a></p>
<h2 id="m8">Swift.AppTest:checktabs</h2>
<p class="totop"><a href="#summary">back to summary</a></p>
<h2 id="m9">Swift.AppTest:logInInvalid</h2>
<p class="totop"><a href="#summary">back to summary</a></p>
<h1>Apptest3</h1>
<h2 id="m10">Swift.Apptest3:launchSwiftIE1</h2>
<div style="padding-left:3em">
<p>Unable to find element with xpath == //*[@id=&apos;UserName&apos;]
For documentation on this error, please visit: http://seleniumhq.org/exceptions/no_such_element.html
Build info: version: &apos;3.12.0&apos;, revision: &apos;7c6e0b3&apos;, time: &apos;2018-05-08T14:04:26.12Z&apos;
System info: host: &apos;QH11284374&apos;, ip: &apos;10.56.179.44&apos;, os.name: &apos;Windows 7&apos;, os.arch: &apos;amd64&apos;, os.version: &apos;6.1&apos;, java.version: &apos;1.8.0_171&apos;
Driver info: org.openqa.selenium.ie.InternetExplorerDriver
Capabilities {acceptInsecureCerts: false, browserName: internet explorer, browserVersion: 11, javascriptEnabled: true, pageLoadStrategy: normal, platform: WINDOWS, platformName: WINDOWS, proxy: Proxy(), se:ieOptions: {browserAttachTimeout: 0, elementScrollBehavior: 0, enablePersistentHover: true, ie.browserCommandLineSwitches: , ie.ensureCleanSession: false, ie.fileUploadDialogTimeout: 3000, ie.forceCreateProcessApi: false, ignoreProtectedModeSettings: false, ignoreZoomSetting: false, initialBrowserUrl: http://localhost:9630/, nativeEvents: true, requireWindowFocus: false}, setWindowRect: true, timeouts: {implicit: 0, pageLoad: 300000, script: 30000}}
Session ID: 49b1594b-8350-4f6e-8991-98740ea210c9</p>
sun.reflect.NativeConstructorAccessorImpl.newInstance0(Native Method)
<br/>at sun.reflect.NativeConstructorAccessorImpl.newInstance(NativeConstructorAccessorImpl.java:62)
<br/>at sun.reflect.DelegatingConstructorAccessorImpl.newInstance(DelegatingConstructorAccessorImpl.java:45)
<br/>at java.lang.reflect.Constructor.newInstance(Constructor.java:423)
<br/>at org.openqa.selenium.remote.http.W3CHttpResponseCodec.createException(W3CHttpResponseCodec.java:187)
<br/>at org.openqa.selenium.remote.http.W3CHttpResponseCodec.decode(W3CHttpResponseCodec.java:122)
<br/>at org.openqa.selenium.remote.http.W3CHttpResponseCodec.decode(W3CHttpResponseCodec.java:49)
<br/>at org.openqa.selenium.remote.HttpCommandExecutor.execute(HttpCommandExecutor.java:158)
<br/>at org.openqa.selenium.remote.service.DriverCommandExecutor.execute(DriverCommandExecutor.java:83)
<br/>at org.openqa.selenium.remote.RemoteWebDriver.execute(RemoteWebDriver.java:543)
<br/>at org.openqa.selenium.remote.RemoteWebDriver.get(RemoteWebDriver.java:271)
<br/>at Swift.Apptest3.launchSwiftIE1(Apptest3.java:23)
<br/>21 lines not shown
</div>
<p class="totop"><a href="#summary">back to summary</a></p>
<h2 id="m11">Swift.Apptest3:login</h2>
<div style="padding-left:3em">
<p>java.lang.IllegalStateException: Expected BEGIN_OBJECT but was STRING at line 1 column 1 path $
Build info: version: &apos;3.12.0&apos;, revision: &apos;7c6e0b3&apos;, time: &apos;2018-05-08T14:04:26.12Z&apos;
System info: host: &apos;QH11284374&apos;, ip: &apos;10.56.179.44&apos;, os.name: &apos;Windows 7&apos;, os.arch: &apos;amd64&apos;, os.version: &apos;6.1&apos;, java.version: &apos;1.8.0_171&apos;
Driver info: driver.version: RemoteWebDriver</p>
org.openqa.selenium.json.JsonInput.execute(JsonInput.java:172)
<br/>at org.openqa.selenium.json.JsonInput.beginObject(JsonInput.java:103)
<br/>at org.openqa.selenium.json.MapCoercer.lambda$apply$1(MapCoercer.java:64)
<br/>at org.openqa.selenium.json.JsonTypeCoercer.lambda$null$6(JsonTypeCoercer.java:142)
<br/>at org.openqa.selenium.json.JsonTypeCoercer.coerce(JsonTypeCoercer.java:122)
<br/>at org.openqa.selenium.json.Json.toType(Json.java:62)
<br/>at org.openqa.selenium.json.Json.toType(Json.java:52)
<br/>at org.openqa.selenium.remote.http.W3CHttpResponseCodec.decode(W3CHttpResponseCodec.java:87)
<br/>at org.openqa.selenium.remote.http.W3CHttpResponseCodec.decode(W3CHttpResponseCodec.java:49)
<br/>at org.openqa.selenium.remote.HttpCommandExecutor.execute(HttpCommandExecutor.java:158)
<br/>at org.openqa.selenium.remote.service.DriverCommandExecutor.execute(DriverCommandExecutor.java:83)
<br/>at org.openqa.selenium.remote.RemoteWebDriver.execute(RemoteWebDriver.java:543)
<br/>at org.openqa.selenium.remote.RemoteWebDriver.findElement(RemoteWebDriver.java:317)
<br/>at org.openqa.selenium.remote.RemoteWebDriver.findElementByXPath(RemoteWebDriver.java:419)
<br/>at org.openqa.selenium.By$ByXPath.findElement(By.java:353)
<br/>at org.openqa.selenium.remote.RemoteWebDriver.findElement(RemoteWebDriver.java:309)
<br/>at Swift.Apptest3.login(Apptest3.java:44)
<br/>21 lines not shown
<p>Caused by Expected BEGIN_OBJECT but was STRING at line 1 column 1 path $</p>
com.google.gson.stream.JsonReader.beginObject(JsonReader.java:385)
<br/>at org.openqa.selenium.json.JsonInput$VoidCallable.call(JsonInput.java:181)
<br/>at org.openqa.selenium.json.JsonInput$VoidCallable.call(JsonInput.java:176)
<br/>at org.openqa.selenium.json.JsonInput.execute(JsonInput.java:168)
<br/>at org.openqa.selenium.json.JsonInput.beginObject(JsonInput.java:103)
<br/>at org.openqa.selenium.json.MapCoercer.lambda$apply$1(MapCoercer.java:64)
<br/>at org.openqa.selenium.json.JsonTypeCoercer.lambda$null$6(JsonTypeCoercer.java:142)
<br/>at org.openqa.selenium.json.JsonTypeCoercer.coerce(JsonTypeCoercer.java:122)
<br/>at org.openqa.selenium.json.Json.toType(Json.java:62)
<br/>at org.openqa.selenium.json.Json.toType(Json.java:52)
<br/>at org.openqa.selenium.remote.http.W3CHttpResponseCodec.decode(W3CHttpResponseCodec.java:87)
<br/>at org.openqa.selenium.remote.http.W3CHttpResponseCodec.decode(W3CHttpResponseCodec.java:49)
<br/>at org.openqa.selenium.remote.HttpCommandExecutor.execute(HttpCommandExecutor.java:158)
<br/>at org.openqa.selenium.remote.service.DriverCommandExecutor.execute(DriverCommandExecutor.java:83)
<br/>at org.openqa.selenium.remote.RemoteWebDriver.execute(RemoteWebDriver.java:543)
<br/>at org.openqa.selenium.remote.RemoteWebDriver.findElement(RemoteWebDriver.java:317)
<br/>at org.openqa.selenium.remote.RemoteWebDriver.findElementByXPath(RemoteWebDriver.java:419)
<br/>at org.openqa.selenium.By$ByXPath.findElement(By.java:353)
<br/>at org.openqa.selenium.remote.RemoteWebDriver.findElement(RemoteWebDriver.java:309)
<br/>at Swift.Apptest3.login(Apptest3.java:44)
<br/>21 lines not shown
</div>
<p class="totop"><a href="#summary">back to summary</a></p>
<h2 id="m12">Swift.Apptest3:login1</h2>
<p class="totop"><a href="#summary">back to summary</a></p>
<h2 id="m13">Swift.Apptest3:login2</h2>
<p class="totop"><a href="#summary">back to summary</a></p>
<h1>Apptest2</h1>
<h2 id="m14">Swift.AppTest:logInInvalid</h2>
<div style="padding-left:3em">
<p>Currently focused window has been closed.
Build info: version: &apos;3.12.0&apos;, revision: &apos;7c6e0b3&apos;, time: &apos;2018-05-08T14:04:26.12Z&apos;
System info: host: &apos;QH11284374&apos;, ip: &apos;10.56.179.44&apos;, os.name: &apos;Windows 7&apos;, os.arch: &apos;amd64&apos;, os.version: &apos;6.1&apos;, java.version: &apos;1.8.0_171&apos;
Driver info: org.openqa.selenium.ie.InternetExplorerDriver
Capabilities {acceptInsecureCerts: false, browserName: internet explorer, browserVersion: 11, javascriptEnabled: true, pageLoadStrategy: normal, platform: WINDOWS, platformName: WINDOWS, proxy: Proxy(), se:ieOptions: {browserAttachTimeout: 0, elementScrollBehavior: 0, enablePersistentHover: true, ie.browserCommandLineSwitches: , ie.ensureCleanSession: false, ie.fileUploadDialogTimeout: 3000, ie.forceCreateProcessApi: false, ignoreProtectedModeSettings: false, ignoreZoomSetting: false, initialBrowserUrl: http://localhost:9630/, nativeEvents: true, requireWindowFocus: false}, setWindowRect: true, timeouts: {implicit: 0, pageLoad: 300000, script: 30000}}
Session ID: 49b1594b-8350-4f6e-8991-98740ea210c9
*** Element info: {Using=xpath, value=//*[@id=&apos;UserName&apos;]}</p>
sun.reflect.NativeConstructorAccessorImpl.newInstance0(Native Method)
<br/>at sun.reflect.NativeConstructorAccessorImpl.newInstance(NativeConstructorAccessorImpl.java:62)
<br/>at sun.reflect.DelegatingConstructorAccessorImpl.newInstance(DelegatingConstructorAccessorImpl.java:45)
<br/>at java.lang.reflect.Constructor.newInstance(Constructor.java:423)
<br/>at org.openqa.selenium.remote.http.W3CHttpResponseCodec.createException(W3CHttpResponseCodec.java:187)
<br/>at org.openqa.selenium.remote.http.W3CHttpResponseCodec.decode(W3CHttpResponseCodec.java:122)
<br/>at org.openqa.selenium.remote.http.W3CHttpResponseCodec.decode(W3CHttpResponseCodec.java:49)
<br/>at org.openqa.selenium.remote.HttpCommandExecutor.execute(HttpCommandExecutor.java:158)
<br/>at org.openqa.selenium.remote.service.DriverCommandExecutor.execute(DriverCommandExecutor.java:83)
<br/>at org.openqa.selenium.remote.RemoteWebDriver.execute(RemoteWebDriver.java:543)
<br/>at org.openqa.selenium.remote.RemoteWebDriver.findElement(RemoteWebDriver.java:317)
<br/>at org.openqa.selenium.remote.RemoteWebDriver.findElementByXPath(RemoteWebDriver.java:419)
<br/>at org.openqa.selenium.By$ByXPath.findElement(By.java:353)
<br/>at org.openqa.selenium.remote.RemoteWebDriver.findElement(RemoteWebDriver.java:309)
<br/>at Swift.AppTest.logInInvalid(AppTest.java:68)
<br/>21 lines not shown
</div>
<p class="totop"><a href="#summary">back to summary</a></p>
<h2 id="m15">Swift.AppTest:verifyElements</h2>
<div style="padding-left:3em">
<p>Currently focused window has been closed.
Build info: version: &apos;3.12.0&apos;, revision: &apos;7c6e0b3&apos;, time: &apos;2018-05-08T14:04:26.12Z&apos;
System info: host: &apos;QH11284374&apos;, ip: &apos;10.56.179.44&apos;, os.name: &apos;Windows 7&apos;, os.arch: &apos;amd64&apos;, os.version: &apos;6.1&apos;, java.version: &apos;1.8.0_171&apos;
Driver info: org.openqa.selenium.ie.InternetExplorerDriver
Capabilities {acceptInsecureCerts: false, browserName: internet explorer, browserVersion: 11, javascriptEnabled: true, pageLoadStrategy: normal, platform: WINDOWS, platformName: WINDOWS, proxy: Proxy(), se:ieOptions: {browserAttachTimeout: 0, elementScrollBehavior: 0, enablePersistentHover: true, ie.browserCommandLineSwitches: , ie.ensureCleanSession: false, ie.fileUploadDialogTimeout: 3000, ie.forceCreateProcessApi: false, ignoreProtectedModeSettings: false, ignoreZoomSetting: false, initialBrowserUrl: http://localhost:9630/, nativeEvents: true, requireWindowFocus: false}, setWindowRect: true, timeouts: {implicit: 0, pageLoad: 300000, script: 30000}}
Session ID: 49b1594b-8350-4f6e-8991-98740ea210c9
*** Element info: {Using=xpath, value=//*[@id=&apos;UserName&apos;]}</p>
sun.reflect.NativeConstructorAccessorImpl.newInstance0(Native Method)
<br/>at sun.reflect.NativeConstructorAccessorImpl.newInstance(NativeConstructorAccessorImpl.java:62)
<br/>at sun.reflect.DelegatingConstructorAccessorImpl.newInstance(DelegatingConstructorAccessorImpl.java:45)
<br/>at java.lang.reflect.Constructor.newInstance(Constructor.java:423)
<br/>at org.openqa.selenium.remote.http.W3CHttpResponseCodec.createException(W3CHttpResponseCodec.java:187)
<br/>at org.openqa.selenium.remote.http.W3CHttpResponseCodec.decode(W3CHttpResponseCodec.java:122)
<br/>at org.openqa.selenium.remote.http.W3CHttpResponseCodec.decode(W3CHttpResponseCodec.java:49)
<br/>at org.openqa.selenium.remote.HttpCommandExecutor.execute(HttpCommandExecutor.java:158)
<br/>at org.openqa.selenium.remote.service.DriverCommandExecutor.execute(DriverCommandExecutor.java:83)
<br/>at org.openqa.selenium.remote.RemoteWebDriver.execute(RemoteWebDriver.java:543)
<br/>at org.openqa.selenium.remote.RemoteWebDriver.findElement(RemoteWebDriver.java:317)
<br/>at org.openqa.selenium.remote.RemoteWebDriver.findElementByXPath(RemoteWebDriver.java:419)
<br/>at org.openqa.selenium.By$ByXPath.findElement(By.java:353)
<br/>at org.openqa.selenium.remote.RemoteWebDriver.findElement(RemoteWebDriver.java:309)
<br/>at Swift.AppTest.verifyElements(AppTest.java:42)
<br/>21 lines not shown
</div>
<p class="totop"><a href="#summary">back to summary</a></p>
<h2 id="m16">Swift.AppTest:Dummy2</h2>
<div style="padding-left:3em">
<p>Demo Failure message</p>
org.testng.Assert.fail(Assert.java:94)
<br/>at Swift.AppTest.Dummy2(AppTest.java:147)
<br/>21 lines not shown
</div>
<p class="totop"><a href="#summary">back to summary</a></p>
<h2 id="m17">Swift.AppTest:logIn</h2>
<div style="padding-left:3em">
<p>java.net.SocketTimeoutException: Read timed out
Build info: version: &apos;3.12.0&apos;, revision: &apos;7c6e0b3&apos;, time: &apos;2018-05-08T14:04:26.12Z&apos;
System info: host: &apos;QH11284374&apos;, ip: &apos;10.56.179.44&apos;, os.name: &apos;Windows 7&apos;, os.arch: &apos;amd64&apos;, os.version: &apos;6.1&apos;, java.version: &apos;1.8.0_171&apos;
Driver info: driver.version: RemoteWebDriver</p>
org.openqa.selenium.remote.service.DriverCommandExecutor.execute(DriverCommandExecutor.java:92)
<br/>at org.openqa.selenium.remote.RemoteWebDriver.execute(RemoteWebDriver.java:543)
<br/>at org.openqa.selenium.remote.RemoteWebDriver.get(RemoteWebDriver.java:271)
<br/>at org.openqa.selenium.remote.RemoteWebDriver$RemoteNavigation.to(RemoteWebDriver.java:848)
<br/>at Swift.AppTest.logIn(AppTest.java:90)
<br/>21 lines not shown
<p>Caused by Read timed out</p>
java.net.SocketInputStream.socketRead0(Native Method)
<br/>at java.net.SocketInputStream.socketRead(SocketInputStream.java:116)
<br/>at java.net.SocketInputStream.read(SocketInputStream.java:171)
<br/>at java.net.SocketInputStream.read(SocketInputStream.java:141)
<br/>at okio.Okio$2.read(Okio.java:139)
<br/>at okio.AsyncTimeout$2.read(AsyncTimeout.java:237)
<br/>at okio.RealBufferedSource.indexOf(RealBufferedSource.java:345)
<br/>at okio.RealBufferedSource.readUtf8LineStrict(RealBufferedSource.java:217)
<br/>at okhttp3.internal.http1.Http1Codec.readHeaderLine(Http1Codec.java:212)
<br/>at okhttp3.internal.http1.Http1Codec.readResponseHeaders(Http1Codec.java:189)
<br/>at okhttp3.internal.http.CallServerInterceptor.intercept(CallServerInterceptor.java:88)
<br/>at okhttp3.internal.http.RealInterceptorChain.proceed(RealInterceptorChain.java:147)
<br/>at okhttp3.internal.connection.ConnectInterceptor.intercept(ConnectInterceptor.java:45)
<br/>at okhttp3.internal.http.RealInterceptorChain.proceed(RealInterceptorChain.java:147)
<br/>at okhttp3.internal.http.RealInterceptorChain.proceed(RealInterceptorChain.java:121)
<br/>at okhttp3.internal.cache.CacheInterceptor.intercept(CacheInterceptor.java:93)
<br/>at okhttp3.internal.http.RealInterceptorChain.proceed(RealInterceptorChain.java:147)
<br/>at okhttp3.internal.http.RealInterceptorChain.proceed(RealInterceptorChain.java:121)
<br/>at okhttp3.internal.http.BridgeInterceptor.intercept(BridgeInterceptor.java:93)
<br/>at okhttp3.internal.http.RealInterceptorChain.proceed(RealInterceptorChain.java:147)
<br/>at okhttp3.internal.http.RetryAndFollowUpInterceptor.intercept(RetryAndFollowUpInterceptor.java:125)
<br/>at okhttp3.internal.http.RealInterceptorChain.proceed(RealInterceptorChain.java:147)
<br/>at okhttp3.internal.http.RealInterceptorChain.proceed(RealInterceptorChain.java:121)
<br/>at okhttp3.RealCall.getResponseWithInterceptorChain(RealCall.java:200)
<br/>at okhttp3.RealCall.execute(RealCall.java:77)
<br/>at org.openqa.selenium.remote.internal.OkHttpClient.execute(OkHttpClient.java:105)
<br/>at org.openqa.selenium.remote.HttpCommandExecutor.execute(HttpCommandExecutor.java:155)
<br/>at org.openqa.selenium.remote.service.DriverCommandExecutor.execute(DriverCommandExecutor.java:83)
<br/>at org.openqa.selenium.remote.RemoteWebDriver.execute(RemoteWebDriver.java:543)
<br/>at org.openqa.selenium.remote.RemoteWebDriver.get(RemoteWebDriver.java:271)
<br/>at org.openqa.selenium.remote.RemoteWebDriver$RemoteNavigation.to(RemoteWebDriver.java:848)
<br/>at Swift.AppTest.logIn(AppTest.java:90)
<br/>21 lines not shown
</div>
<p class="totop"><a href="#summary">back to summary</a></p>
<h2 id="m18">Swift.AppTest:logOUT</h2>
<p class="totop"><a href="#summary">back to summary</a></p>
<h2 id="m19">Swift.AppTest:checktabs</h2>
<p class="totop"><a href="#summary">back to summary</a></p>
<h2 id="m20">Swift.AppTest:Dummy1</h2>
<div style="padding-left:3em">
<p>Skipping Demo</p>
Swift.AppTest.Dummy1(AppTest.java:142)
<br/>21 lines not shown
</div>
<p class="totop"><a href="#summary">back to summary</a></p>
<h2 id="m21">Swift.AppTest:Footerlink</h2>
<p class="totop"><a href="#summary">back to summary</a></p>
<h2 id="m22">Swift.AppTest:launchSwiftIE1</h2>
<p class="totop"><a href="#summary">back to summary</a></p>
</body></html>
