<?xml version="1.0" encoding="UTF-8"?>
<testng-results skipped="11" failed="8" total="22" passed="3">
  <reporter-output>
  </reporter-output>
  <suite name="Sanitytest" duration-ms="31188642" started-at="2018-07-19T00:33:56Z" finished-at="2018-07-19T09:13:44Z">
    <groups>
    </groups>
    <test name="Apptest" duration-ms="110135" started-at="2018-07-19T00:33:56Z" finished-at="2018-07-19T00:35:46Z">
      <class name="Swift.AppTest">
        <test-method status="FAIL" signature="launchSwiftIE1()[pri:0, instance:Swift.AppTest@a67c67e]" name="launchSwiftIE1" duration-ms="110039" started-at="2018-07-19T10:33:56Z" description="Launching the IE Browsers and performing the settings on Browser" finished-at="2018-07-19T10:35:46Z">
          <exception class="org.openqa.selenium.NoSuchWindowException">
            <message>
              <![CDATA[Unable to get browser
Build info: version: '3.12.0', revision: '7c6e0b3', time: '2018-05-08T14:04:26.12Z'
System info: host: 'QH11284374', ip: '10.56.179.44', os.name: 'Windows 7', os.arch: 'amd64', os.version: '6.1', java.version: '1.8.0_171'
Driver info: org.openqa.selenium.ie.InternetExplorerDriver
Capabilities {acceptInsecureCerts: false, browserName: internet explorer, browserVersion: 11, javascriptEnabled: true, pageLoadStrategy: normal, platform: WINDOWS, platformName: WINDOWS, proxy: Proxy(), se:ieOptions: {browserAttachTimeout: 0, elementScrollBehavior: 0, enablePersistentHover: true, ie.browserCommandLineSwitches: , ie.ensureCleanSession: false, ie.fileUploadDialogTimeout: 3000, ie.forceCreateProcessApi: false, ignoreProtectedModeSettings: false, ignoreZoomSetting: false, initialBrowserUrl: http://localhost:9630/, nativeEvents: true, requireWindowFocus: false}, setWindowRect: true, timeouts: {implicit: 0, pageLoad: 300000, script: 30000}}
Session ID: 49b1594b-8350-4f6e-8991-98740ea210c9]]>
            </message>
            <full-stacktrace>
              <![CDATA[org.openqa.selenium.NoSuchWindowException: Unable to get browser
Build info: version: '3.12.0', revision: '7c6e0b3', time: '2018-05-08T14:04:26.12Z'
System info: host: 'QH11284374', ip: '10.56.179.44', os.name: 'Windows 7', os.arch: 'amd64', os.version: '6.1', java.version: '1.8.0_171'
Driver info: org.openqa.selenium.ie.InternetExplorerDriver
Capabilities {acceptInsecureCerts: false, browserName: internet explorer, browserVersion: 11, javascriptEnabled: true, pageLoadStrategy: normal, platform: WINDOWS, platformName: WINDOWS, proxy: Proxy(), se:ieOptions: {browserAttachTimeout: 0, elementScrollBehavior: 0, enablePersistentHover: true, ie.browserCommandLineSwitches: , ie.ensureCleanSession: false, ie.fileUploadDialogTimeout: 3000, ie.forceCreateProcessApi: false, ignoreProtectedModeSettings: false, ignoreZoomSetting: false, initialBrowserUrl: http://localhost:9630/, nativeEvents: true, requireWindowFocus: false}, setWindowRect: true, timeouts: {implicit: 0, pageLoad: 300000, script: 30000}}
Session ID: 49b1594b-8350-4f6e-8991-98740ea210c9
	at sun.reflect.NativeConstructorAccessorImpl.newInstance0(Native Method)
	at sun.reflect.NativeConstructorAccessorImpl.newInstance(NativeConstructorAccessorImpl.java:62)
	at sun.reflect.DelegatingConstructorAccessorImpl.newInstance(DelegatingConstructorAccessorImpl.java:45)
	at java.lang.reflect.Constructor.newInstance(Constructor.java:423)
	at org.openqa.selenium.remote.http.W3CHttpResponseCodec.createException(W3CHttpResponseCodec.java:187)
	at org.openqa.selenium.remote.http.W3CHttpResponseCodec.decode(W3CHttpResponseCodec.java:122)
	at org.openqa.selenium.remote.http.W3CHttpResponseCodec.decode(W3CHttpResponseCodec.java:49)
	at org.openqa.selenium.remote.HttpCommandExecutor.execute(HttpCommandExecutor.java:158)
	at org.openqa.selenium.remote.service.DriverCommandExecutor.execute(DriverCommandExecutor.java:83)
	at org.openqa.selenium.remote.RemoteWebDriver.execute(RemoteWebDriver.java:543)
	at org.openqa.selenium.remote.RemoteWebDriver.get(RemoteWebDriver.java:271)
	at Swift.AppTest.launchSwiftIE1(AppTest.java:30)
	at sun.reflect.NativeMethodAccessorImpl.invoke0(Native Method)
	at sun.reflect.NativeMethodAccessorImpl.invoke(NativeMethodAccessorImpl.java:62)
	at sun.reflect.DelegatingMethodAccessorImpl.invoke(DelegatingMethodAccessorImpl.java:43)
	at java.lang.reflect.Method.invoke(Method.java:498)
	at org.testng.internal.MethodInvocationHelper.invokeMethod(MethodInvocationHelper.java:80)
	at org.testng.internal.Invoker.invokeMethod(Invoker.java:714)
	at org.testng.internal.Invoker.invokeTestMethod(Invoker.java:901)
	at org.testng.internal.Invoker.invokeTestMethods(Invoker.java:1231)
	at org.testng.internal.TestMethodWorker.invokeTestMethods(TestMethodWorker.java:127)
	at org.testng.internal.TestMethodWorker.run(TestMethodWorker.java:111)
	at org.testng.TestRunner.privateRun(TestRunner.java:767)
	at org.testng.TestRunner.run(TestRunner.java:617)
	at org.testng.SuiteRunner.runTest(SuiteRunner.java:334)
	at org.testng.SuiteRunner.access$000(SuiteRunner.java:37)
	at org.testng.SuiteRunner$SuiteWorker.run(SuiteRunner.java:368)
	at org.testng.internal.thread.ThreadUtil$2.call(ThreadUtil.java:64)
	at java.util.concurrent.FutureTask.run(FutureTask.java:266)
	at java.util.concurrent.ThreadPoolExecutor.runWorker(ThreadPoolExecutor.java:1149)
	at java.util.concurrent.ThreadPoolExecutor$Worker.run(ThreadPoolExecutor.java:624)
	at java.lang.Thread.run(Thread.java:748)
]]>
            </full-stacktrace>
          </exception> <!-- org.openqa.selenium.NoSuchWindowException -->
          <reporter-output>
          </reporter-output>
        </test-method> <!-- launchSwiftIE1 -->
        <test-method status="PASS" signature="extentClose()[pri:0, instance:Swift.AppTest@a67c67e]" name="extentClose" is-config="true" duration-ms="24" started-at="2018-07-19T10:35:46Z" finished-at="2018-07-19T10:35:46Z">
          <reporter-output>
          </reporter-output>
        </test-method> <!-- extentClose -->
        <test-method status="PASS" signature="extentClose()[pri:0, instance:Swift.AppTest@a67c67e]" name="extentClose" is-config="true" duration-ms="33" started-at="2018-07-19T10:35:46Z" finished-at="2018-07-19T10:35:46Z">
          <reporter-output>
          </reporter-output>
        </test-method> <!-- extentClose -->
        <test-method status="SKIP" signature="Dummy1()[pri:0, instance:Swift.AppTest@a67c67e]" name="Dummy1" duration-ms="0" started-at="2018-07-19T10:35:46Z" description="This is a dummy test case to verify that Skipping option of the Framework works Properly" finished-at="2018-07-19T10:35:46Z">
          <exception class="org.testng.SkipException">
            <message>
              <![CDATA[Skipping Demo]]>
            </message>
            <full-stacktrace>
              <![CDATA[org.testng.SkipException: Skipping Demo
	at Swift.AppTest.Dummy1(AppTest.java:142)
	at sun.reflect.NativeMethodAccessorImpl.invoke0(Native Method)
	at sun.reflect.NativeMethodAccessorImpl.invoke(NativeMethodAccessorImpl.java:62)
	at sun.reflect.DelegatingMethodAccessorImpl.invoke(DelegatingMethodAccessorImpl.java:43)
	at java.lang.reflect.Method.invoke(Method.java:498)
	at org.testng.internal.MethodInvocationHelper.invokeMethod(MethodInvocationHelper.java:80)
	at org.testng.internal.Invoker.invokeMethod(Invoker.java:714)
	at org.testng.internal.Invoker.invokeTestMethod(Invoker.java:901)
	at org.testng.internal.Invoker.invokeTestMethods(Invoker.java:1231)
	at org.testng.internal.TestMethodWorker.invokeTestMethods(TestMethodWorker.java:127)
	at org.testng.internal.TestMethodWorker.run(TestMethodWorker.java:111)
	at org.testng.TestRunner.privateRun(TestRunner.java:767)
	at org.testng.TestRunner.run(TestRunner.java:617)
	at org.testng.SuiteRunner.runTest(SuiteRunner.java:334)
	at org.testng.SuiteRunner.access$000(SuiteRunner.java:37)
	at org.testng.SuiteRunner$SuiteWorker.run(SuiteRunner.java:368)
	at org.testng.internal.thread.ThreadUtil$2.call(ThreadUtil.java:64)
	at java.util.concurrent.FutureTask.run(FutureTask.java:266)
	at java.util.concurrent.ThreadPoolExecutor.runWorker(ThreadPoolExecutor.java:1149)
	at java.util.concurrent.ThreadPoolExecutor$Worker.run(ThreadPoolExecutor.java:624)
	at java.lang.Thread.run(Thread.java:748)
]]>
            </full-stacktrace>
          </exception> <!-- org.testng.SkipException -->
          <reporter-output>
          </reporter-output>
        </test-method> <!-- Dummy1 -->
        <test-method status="FAIL" signature="Dummy2()[pri:0, instance:Swift.AppTest@a67c67e]" name="Dummy2" duration-ms="0" started-at="2018-07-19T10:35:46Z" description="The is a demo test case to record failure" finished-at="2018-07-19T10:35:46Z">
          <exception class="java.lang.AssertionError">
            <message>
              <![CDATA[Demo Failure message]]>
            </message>
            <full-stacktrace>
              <![CDATA[java.lang.AssertionError: Demo Failure message
	at org.testng.Assert.fail(Assert.java:94)
	at Swift.AppTest.Dummy2(AppTest.java:147)
	at sun.reflect.NativeMethodAccessorImpl.invoke0(Native Method)
	at sun.reflect.NativeMethodAccessorImpl.invoke(NativeMethodAccessorImpl.java:62)
	at sun.reflect.DelegatingMethodAccessorImpl.invoke(DelegatingMethodAccessorImpl.java:43)
	at java.lang.reflect.Method.invoke(Method.java:498)
	at org.testng.internal.MethodInvocationHelper.invokeMethod(MethodInvocationHelper.java:80)
	at org.testng.internal.Invoker.invokeMethod(Invoker.java:714)
	at org.testng.internal.Invoker.invokeTestMethod(Invoker.java:901)
	at org.testng.internal.Invoker.invokeTestMethods(Invoker.java:1231)
	at org.testng.internal.TestMethodWorker.invokeTestMethods(TestMethodWorker.java:127)
	at org.testng.internal.TestMethodWorker.run(TestMethodWorker.java:111)
	at org.testng.TestRunner.privateRun(TestRunner.java:767)
	at org.testng.TestRunner.run(TestRunner.java:617)
	at org.testng.SuiteRunner.runTest(SuiteRunner.java:334)
	at org.testng.SuiteRunner.access$000(SuiteRunner.java:37)
	at org.testng.SuiteRunner$SuiteWorker.run(SuiteRunner.java:368)
	at org.testng.internal.thread.ThreadUtil$2.call(ThreadUtil.java:64)
	at java.util.concurrent.FutureTask.run(FutureTask.java:266)
	at java.util.concurrent.ThreadPoolExecutor.runWorker(ThreadPoolExecutor.java:1149)
	at java.util.concurrent.ThreadPoolExecutor$Worker.run(ThreadPoolExecutor.java:624)
	at java.lang.Thread.run(Thread.java:748)
]]>
            </full-stacktrace>
          </exception> <!-- java.lang.AssertionError -->
          <reporter-output>
          </reporter-output>
        </test-method> <!-- Dummy2 -->
        <test-method status="PASS" signature="extentClose()[pri:0, instance:Swift.AppTest@a67c67e]" name="extentClose" is-config="true" duration-ms="24" started-at="2018-07-19T10:35:46Z" finished-at="2018-07-19T10:35:46Z">
          <reporter-output>
          </reporter-output>
        </test-method> <!-- extentClose -->
        <test-method status="SKIP" signature="verifyElements()[pri:0, instance:Swift.AppTest@a67c67e]" name="verifyElements" duration-ms="0" started-at="2018-07-19T10:35:46Z" description="Verify the elements on the Login Page" depends-on-methods="Swift.AppTest.launchSwiftIE1" finished-at="2018-07-19T10:35:46Z">
          <reporter-output>
          </reporter-output>
        </test-method> <!-- verifyElements -->
        <test-method status="SKIP" signature="logInInvalid()[pri:0, instance:Swift.AppTest@a67c67e]" name="logInInvalid" duration-ms="1" started-at="2018-07-19T10:35:46Z" description="Launch the application and test with invalid user and it should fail" depends-on-methods="Swift.AppTest.launchSwiftIE1" finished-at="2018-07-19T10:35:46Z">
          <reporter-output>
          </reporter-output>
        </test-method> <!-- logInInvalid -->
        <test-method status="SKIP" signature="logIn()[pri:0, instance:Swift.AppTest@a67c67e]" name="logIn" duration-ms="0" started-at="2018-07-19T10:35:46Z" description="Login should be successful " depends-on-methods="Swift.AppTest.launchSwiftIE1" finished-at="2018-07-19T10:35:46Z">
          <reporter-output>
          </reporter-output>
        </test-method> <!-- logIn -->
        <test-method status="SKIP" signature="logOUT()[pri:0, instance:Swift.AppTest@a67c67e]" name="logOUT" duration-ms="0" started-at="2018-07-19T10:35:46Z" description="This is checking the Logout Button and logout Operations " depends-on-methods="Swift.AppTest.logIn, Swift.AppTest.Footerlink" finished-at="2018-07-19T10:35:46Z">
          <reporter-output>
          </reporter-output>
        </test-method> <!-- logOUT -->
        <test-method status="SKIP" signature="checktabs()[pri:0, instance:Swift.AppTest@a67c67e]" name="checktabs" duration-ms="0" started-at="2018-07-19T10:35:46Z" description="Check all the menu tabs and click to check Navigation in menu works" depends-on-methods="Swift.AppTest.logIn" finished-at="2018-07-19T10:35:46Z">
          <reporter-output>
          </reporter-output>
        </test-method> <!-- checktabs -->
        <test-method status="SKIP" signature="Footerlink()[pri:0, instance:Swift.AppTest@a67c67e]" name="Footerlink" duration-ms="0" started-at="2018-07-19T10:35:46Z" description="Links at the footer exits" depends-on-methods="Swift.AppTest.checktabs, Swift.AppTest.logIn" finished-at="2018-07-19T10:35:46Z">
          <reporter-output>
          </reporter-output>
        </test-method> <!-- Footerlink -->
        <test-method status="PASS" signature="dClose()[pri:0, instance:Swift.AppTest@a67c67e]" name="dClose" is-config="true" duration-ms="0" started-at="2018-07-19T10:35:46Z" finished-at="2018-07-19T10:35:46Z">
          <reporter-output>
          </reporter-output>
        </test-method> <!-- dClose -->
      </class> <!-- Swift.AppTest -->
    </test> <!-- Apptest -->
    <test name="Apptest3" duration-ms="162553" started-at="2018-07-19T00:33:56Z" finished-at="2018-07-19T00:36:38Z">
      <class name="Swift.Apptest3">
        <test-method status="PASS" signature="StartnewSoftAssert()[pri:0, instance:Swift.Apptest3@1d16f93d]" name="StartnewSoftAssert" is-config="true" duration-ms="9" started-at="2018-07-19T10:33:56Z" finished-at="2018-07-19T10:33:56Z">
          <reporter-output>
          </reporter-output>
        </test-method> <!-- StartnewSoftAssert -->
        <test-method status="FAIL" signature="launchSwiftIE1()[pri:0, instance:Swift.Apptest3@1d16f93d]" name="launchSwiftIE1" duration-ms="107857" started-at="2018-07-19T10:33:56Z" description="Launching the  Browsers and performing the settings on Browser" finished-at="2018-07-19T10:35:44Z">
          <exception class="org.openqa.selenium.NoSuchElementException">
            <message>
              <![CDATA[Unable to find element with xpath == //*[@id='UserName']
For documentation on this error, please visit: http://seleniumhq.org/exceptions/no_such_element.html
Build info: version: '3.12.0', revision: '7c6e0b3', time: '2018-05-08T14:04:26.12Z'
System info: host: 'QH11284374', ip: '10.56.179.44', os.name: 'Windows 7', os.arch: 'amd64', os.version: '6.1', java.version: '1.8.0_171'
Driver info: org.openqa.selenium.ie.InternetExplorerDriver
Capabilities {acceptInsecureCerts: false, browserName: internet explorer, browserVersion: 11, javascriptEnabled: true, pageLoadStrategy: normal, platform: WINDOWS, platformName: WINDOWS, proxy: Proxy(), se:ieOptions: {browserAttachTimeout: 0, elementScrollBehavior: 0, enablePersistentHover: true, ie.browserCommandLineSwitches: , ie.ensureCleanSession: false, ie.fileUploadDialogTimeout: 3000, ie.forceCreateProcessApi: false, ignoreProtectedModeSettings: false, ignoreZoomSetting: false, initialBrowserUrl: http://localhost:9630/, nativeEvents: true, requireWindowFocus: false}, setWindowRect: true, timeouts: {implicit: 0, pageLoad: 300000, script: 30000}}
Session ID: 49b1594b-8350-4f6e-8991-98740ea210c9]]>
            </message>
            <full-stacktrace>
              <![CDATA[org.openqa.selenium.NoSuchElementException: Unable to find element with xpath == //*[@id='UserName']
For documentation on this error, please visit: http://seleniumhq.org/exceptions/no_such_element.html
Build info: version: '3.12.0', revision: '7c6e0b3', time: '2018-05-08T14:04:26.12Z'
System info: host: 'QH11284374', ip: '10.56.179.44', os.name: 'Windows 7', os.arch: 'amd64', os.version: '6.1', java.version: '1.8.0_171'
Driver info: org.openqa.selenium.ie.InternetExplorerDriver
Capabilities {acceptInsecureCerts: false, browserName: internet explorer, browserVersion: 11, javascriptEnabled: true, pageLoadStrategy: normal, platform: WINDOWS, platformName: WINDOWS, proxy: Proxy(), se:ieOptions: {browserAttachTimeout: 0, elementScrollBehavior: 0, enablePersistentHover: true, ie.browserCommandLineSwitches: , ie.ensureCleanSession: false, ie.fileUploadDialogTimeout: 3000, ie.forceCreateProcessApi: false, ignoreProtectedModeSettings: false, ignoreZoomSetting: false, initialBrowserUrl: http://localhost:9630/, nativeEvents: true, requireWindowFocus: false}, setWindowRect: true, timeouts: {implicit: 0, pageLoad: 300000, script: 30000}}
Session ID: 49b1594b-8350-4f6e-8991-98740ea210c9
	at sun.reflect.NativeConstructorAccessorImpl.newInstance0(Native Method)
	at sun.reflect.NativeConstructorAccessorImpl.newInstance(NativeConstructorAccessorImpl.java:62)
	at sun.reflect.DelegatingConstructorAccessorImpl.newInstance(DelegatingConstructorAccessorImpl.java:45)
	at java.lang.reflect.Constructor.newInstance(Constructor.java:423)
	at org.openqa.selenium.remote.http.W3CHttpResponseCodec.createException(W3CHttpResponseCodec.java:187)
	at org.openqa.selenium.remote.http.W3CHttpResponseCodec.decode(W3CHttpResponseCodec.java:122)
	at org.openqa.selenium.remote.http.W3CHttpResponseCodec.decode(W3CHttpResponseCodec.java:49)
	at org.openqa.selenium.remote.HttpCommandExecutor.execute(HttpCommandExecutor.java:158)
	at org.openqa.selenium.remote.service.DriverCommandExecutor.execute(DriverCommandExecutor.java:83)
	at org.openqa.selenium.remote.RemoteWebDriver.execute(RemoteWebDriver.java:543)
	at org.openqa.selenium.remote.RemoteWebDriver.get(RemoteWebDriver.java:271)
	at Swift.Apptest3.launchSwiftIE1(Apptest3.java:23)
	at sun.reflect.NativeMethodAccessorImpl.invoke0(Native Method)
	at sun.reflect.NativeMethodAccessorImpl.invoke(NativeMethodAccessorImpl.java:62)
	at sun.reflect.DelegatingMethodAccessorImpl.invoke(DelegatingMethodAccessorImpl.java:43)
	at java.lang.reflect.Method.invoke(Method.java:498)
	at org.testng.internal.MethodInvocationHelper.invokeMethod(MethodInvocationHelper.java:80)
	at org.testng.internal.Invoker.invokeMethod(Invoker.java:714)
	at org.testng.internal.Invoker.invokeTestMethod(Invoker.java:901)
	at org.testng.internal.Invoker.invokeTestMethods(Invoker.java:1231)
	at org.testng.internal.TestMethodWorker.invokeTestMethods(TestMethodWorker.java:127)
	at org.testng.internal.TestMethodWorker.run(TestMethodWorker.java:111)
	at org.testng.TestRunner.privateRun(TestRunner.java:767)
	at org.testng.TestRunner.run(TestRunner.java:617)
	at org.testng.SuiteRunner.runTest(SuiteRunner.java:334)
	at org.testng.SuiteRunner.access$000(SuiteRunner.java:37)
	at org.testng.SuiteRunner$SuiteWorker.run(SuiteRunner.java:368)
	at org.testng.internal.thread.ThreadUtil$2.call(ThreadUtil.java:64)
	at java.util.concurrent.FutureTask.run(FutureTask.java:266)
	at java.util.concurrent.ThreadPoolExecutor.runWorker(ThreadPoolExecutor.java:1149)
	at java.util.concurrent.ThreadPoolExecutor$Worker.run(ThreadPoolExecutor.java:624)
	at java.lang.Thread.run(Thread.java:748)
]]>
            </full-stacktrace>
          </exception> <!-- org.openqa.selenium.NoSuchElementException -->
          <reporter-output>
          </reporter-output>
        </test-method> <!-- launchSwiftIE1 -->
        <test-method status="PASS" signature="CollectSoftassert()[pri:0, instance:Swift.Apptest3@1d16f93d]" name="CollectSoftassert" is-config="true" duration-ms="2001" started-at="2018-07-19T10:35:44Z" finished-at="2018-07-19T10:35:46Z">
          <reporter-output>
          </reporter-output>
        </test-method> <!-- CollectSoftassert -->
        <test-method status="PASS" signature="extentClose()[pri:0, instance:Swift.Apptest3@1d16f93d]" name="extentClose" is-config="true" duration-ms="53" started-at="2018-07-19T10:35:46Z" finished-at="2018-07-19T10:35:46Z">
          <reporter-output>
          </reporter-output>
        </test-method> <!-- extentClose -->
        <test-method status="PASS" signature="StartnewSoftAssert()[pri:0, instance:Swift.Apptest3@1d16f93d]" name="StartnewSoftAssert" is-config="true" duration-ms="0" started-at="2018-07-19T10:35:46Z" finished-at="2018-07-19T10:35:46Z">
          <reporter-output>
          </reporter-output>
        </test-method> <!-- StartnewSoftAssert -->
        <test-method status="FAIL" signature="login()[pri:0, instance:Swift.Apptest3@1d16f93d]" name="login" duration-ms="117" started-at="2018-07-19T10:35:46Z" description="Login" finished-at="2018-07-19T10:35:46Z">
          <exception class="org.openqa.selenium.json.JsonException">
            <message>
              <![CDATA[java.lang.IllegalStateException: Expected BEGIN_OBJECT but was STRING at line 1 column 1 path $
Build info: version: '3.12.0', revision: '7c6e0b3', time: '2018-05-08T14:04:26.12Z'
System info: host: 'QH11284374', ip: '10.56.179.44', os.name: 'Windows 7', os.arch: 'amd64', os.version: '6.1', java.version: '1.8.0_171'
Driver info: driver.version: RemoteWebDriver]]>
            </message>
            <full-stacktrace>
              <![CDATA[org.openqa.selenium.json.JsonException: java.lang.IllegalStateException: Expected BEGIN_OBJECT but was STRING at line 1 column 1 path $
Build info: version: '3.12.0', revision: '7c6e0b3', time: '2018-05-08T14:04:26.12Z'
System info: host: 'QH11284374', ip: '10.56.179.44', os.name: 'Windows 7', os.arch: 'amd64', os.version: '6.1', java.version: '1.8.0_171'
Driver info: driver.version: RemoteWebDriver
	at org.openqa.selenium.json.JsonInput.execute(JsonInput.java:172)
	at org.openqa.selenium.json.JsonInput.beginObject(JsonInput.java:103)
	at org.openqa.selenium.json.MapCoercer.lambda$apply$1(MapCoercer.java:64)
	at org.openqa.selenium.json.JsonTypeCoercer.lambda$null$6(JsonTypeCoercer.java:142)
	at org.openqa.selenium.json.JsonTypeCoercer.coerce(JsonTypeCoercer.java:122)
	at org.openqa.selenium.json.Json.toType(Json.java:62)
	at org.openqa.selenium.json.Json.toType(Json.java:52)
	at org.openqa.selenium.remote.http.W3CHttpResponseCodec.decode(W3CHttpResponseCodec.java:87)
	at org.openqa.selenium.remote.http.W3CHttpResponseCodec.decode(W3CHttpResponseCodec.java:49)
	at org.openqa.selenium.remote.HttpCommandExecutor.execute(HttpCommandExecutor.java:158)
	at org.openqa.selenium.remote.service.DriverCommandExecutor.execute(DriverCommandExecutor.java:83)
	at org.openqa.selenium.remote.RemoteWebDriver.execute(RemoteWebDriver.java:543)
	at org.openqa.selenium.remote.RemoteWebDriver.findElement(RemoteWebDriver.java:317)
	at org.openqa.selenium.remote.RemoteWebDriver.findElementByXPath(RemoteWebDriver.java:419)
	at org.openqa.selenium.By$ByXPath.findElement(By.java:353)
	at org.openqa.selenium.remote.RemoteWebDriver.findElement(RemoteWebDriver.java:309)
	at Swift.Apptest3.login(Apptest3.java:44)
	at sun.reflect.NativeMethodAccessorImpl.invoke0(Native Method)
	at sun.reflect.NativeMethodAccessorImpl.invoke(NativeMethodAccessorImpl.java:62)
	at sun.reflect.DelegatingMethodAccessorImpl.invoke(DelegatingMethodAccessorImpl.java:43)
	at java.lang.reflect.Method.invoke(Method.java:498)
	at org.testng.internal.MethodInvocationHelper.invokeMethod(MethodInvocationHelper.java:80)
	at org.testng.internal.Invoker.invokeMethod(Invoker.java:714)
	at org.testng.internal.Invoker.invokeTestMethod(Invoker.java:901)
	at org.testng.internal.Invoker.invokeTestMethods(Invoker.java:1231)
	at org.testng.internal.TestMethodWorker.invokeTestMethods(TestMethodWorker.java:127)
	at org.testng.internal.TestMethodWorker.run(TestMethodWorker.java:111)
	at org.testng.TestRunner.privateRun(TestRunner.java:767)
	at org.testng.TestRunner.run(TestRunner.java:617)
	at org.testng.SuiteRunner.runTest(SuiteRunner.java:334)
	at org.testng.SuiteRunner.access$000(SuiteRunner.java:37)
	at org.testng.SuiteRunner$SuiteWorker.run(SuiteRunner.java:368)
	at org.testng.internal.thread.ThreadUtil$2.call(ThreadUtil.java:64)
	at java.util.concurrent.FutureTask.run(FutureTask.java:266)
	at java.util.concurrent.ThreadPoolExecutor.runWorker(ThreadPoolExecutor.java:1149)
	at java.util.concurrent.ThreadPoolExecutor$Worker.run(ThreadPoolExecutor.java:624)
	at java.lang.Thread.run(Thread.java:748)
Caused by: java.lang.IllegalStateException: Expected BEGIN_OBJECT but was STRING at line 1 column 1 path $
	at com.google.gson.stream.JsonReader.beginObject(JsonReader.java:385)
	at org.openqa.selenium.json.JsonInput$VoidCallable.call(JsonInput.java:181)
	at org.openqa.selenium.json.JsonInput$VoidCallable.call(JsonInput.java:176)
	at org.openqa.selenium.json.JsonInput.execute(JsonInput.java:168)
	... 36 more
]]>
            </full-stacktrace>
          </exception> <!-- org.openqa.selenium.json.JsonException -->
          <reporter-output>
          </reporter-output>
        </test-method> <!-- login -->
        <test-method status="PASS" signature="CollectSoftassert()[pri:0, instance:Swift.Apptest3@1d16f93d]" name="CollectSoftassert" is-config="true" duration-ms="2000" started-at="2018-07-19T10:35:46Z" finished-at="2018-07-19T10:35:48Z">
          <reporter-output>
          </reporter-output>
        </test-method> <!-- CollectSoftassert -->
        <test-method status="PASS" signature="extentClose()[pri:0, instance:Swift.Apptest3@1d16f93d]" name="extentClose" is-config="true" duration-ms="41" started-at="2018-07-19T10:35:48Z" finished-at="2018-07-19T10:35:48Z">
          <reporter-output>
          </reporter-output>
        </test-method> <!-- extentClose -->
        <test-method status="PASS" signature="StartnewSoftAssert()[pri:0, instance:Swift.Apptest3@1d16f93d]" name="StartnewSoftAssert" is-config="true" duration-ms="0" started-at="2018-07-19T10:35:48Z" finished-at="2018-07-19T10:35:48Z">
          <reporter-output>
          </reporter-output>
        </test-method> <!-- StartnewSoftAssert -->
        <test-method status="PASS" signature="login1()[pri:0, instance:Swift.Apptest3@1d16f93d]" name="login1" duration-ms="24372" started-at="2018-07-19T10:35:48Z" description="Login" finished-at="2018-07-19T10:36:12Z">
          <reporter-output>
          </reporter-output>
        </test-method> <!-- login1 -->
        <test-method status="PASS" signature="CollectSoftassert()[pri:0, instance:Swift.Apptest3@1d16f93d]" name="CollectSoftassert" is-config="true" duration-ms="2000" started-at="2018-07-19T10:36:12Z" finished-at="2018-07-19T10:36:14Z">
          <reporter-output>
          </reporter-output>
        </test-method> <!-- CollectSoftassert -->
        <test-method status="PASS" signature="extentClose()[pri:0, instance:Swift.Apptest3@1d16f93d]" name="extentClose" is-config="true" duration-ms="18" started-at="2018-07-19T10:36:14Z" finished-at="2018-07-19T10:36:14Z">
          <reporter-output>
          </reporter-output>
        </test-method> <!-- extentClose -->
        <test-method status="PASS" signature="StartnewSoftAssert()[pri:0, instance:Swift.Apptest3@1d16f93d]" name="StartnewSoftAssert" is-config="true" duration-ms="0" started-at="2018-07-19T10:36:14Z" finished-at="2018-07-19T10:36:14Z">
          <reporter-output>
          </reporter-output>
        </test-method> <!-- StartnewSoftAssert -->
        <test-method status="PASS" signature="login2()[pri:0, instance:Swift.Apptest3@1d16f93d]" name="login2" duration-ms="21414" started-at="2018-07-19T10:36:14Z" description="Login" finished-at="2018-07-19T10:36:36Z">
          <reporter-output>
          </reporter-output>
        </test-method> <!-- login2 -->
        <test-method status="PASS" signature="CollectSoftassert()[pri:0, instance:Swift.Apptest3@1d16f93d]" name="CollectSoftassert" is-config="true" duration-ms="2000" started-at="2018-07-19T10:36:36Z" finished-at="2018-07-19T10:36:38Z">
          <reporter-output>
          </reporter-output>
        </test-method> <!-- CollectSoftassert -->
        <test-method status="PASS" signature="extentClose()[pri:0, instance:Swift.Apptest3@1d16f93d]" name="extentClose" is-config="true" duration-ms="71" started-at="2018-07-19T10:36:38Z" finished-at="2018-07-19T10:36:38Z">
          <reporter-output>
          </reporter-output>
        </test-method> <!-- extentClose -->
        <test-method status="PASS" signature="quitall()[pri:0, instance:Swift.Apptest3@1d16f93d]" name="quitall" is-config="true" duration-ms="585" started-at="2018-07-19T10:36:38Z" finished-at="2018-07-19T10:36:38Z">
          <reporter-output>
          </reporter-output>
        </test-method> <!-- quitall -->
      </class> <!-- Swift.Apptest3 -->
    </test> <!-- Apptest3 -->
    <test name="Apptest2" duration-ms="31188640" started-at="2018-07-19T00:33:56Z" finished-at="2018-07-19T09:13:44Z">
      <class name="Swift.AppTest">
        <test-method status="PASS" signature="launchSwiftIE1()[pri:0, instance:Swift.AppTest@57536d79]" name="launchSwiftIE1" duration-ms="7094" started-at="2018-07-19T10:33:56Z" description="Launching the IE Browsers and performing the settings on Browser" finished-at="2018-07-19T10:34:03Z">
          <reporter-output>
          </reporter-output>
        </test-method> <!-- launchSwiftIE1 -->
        <test-method status="PASS" signature="extentClose()[pri:0, instance:Swift.AppTest@57536d79]" name="extentClose" is-config="true" duration-ms="467" started-at="2018-07-19T10:34:03Z" finished-at="2018-07-19T10:34:03Z">
          <reporter-output>
          </reporter-output>
        </test-method> <!-- extentClose -->
        <test-method status="SKIP" signature="Dummy1()[pri:0, instance:Swift.AppTest@57536d79]" name="Dummy1" duration-ms="0" started-at="2018-07-19T10:34:03Z" description="This is a dummy test case to verify that Skipping option of the Framework works Properly" finished-at="2018-07-19T10:34:03Z">
          <exception class="org.testng.SkipException">
            <message>
              <![CDATA[Skipping Demo]]>
            </message>
            <full-stacktrace>
              <![CDATA[org.testng.SkipException: Skipping Demo
	at Swift.AppTest.Dummy1(AppTest.java:142)
	at sun.reflect.NativeMethodAccessorImpl.invoke0(Native Method)
	at sun.reflect.NativeMethodAccessorImpl.invoke(NativeMethodAccessorImpl.java:62)
	at sun.reflect.DelegatingMethodAccessorImpl.invoke(DelegatingMethodAccessorImpl.java:43)
	at java.lang.reflect.Method.invoke(Method.java:498)
	at org.testng.internal.MethodInvocationHelper.invokeMethod(MethodInvocationHelper.java:80)
	at org.testng.internal.Invoker.invokeMethod(Invoker.java:714)
	at org.testng.internal.Invoker.invokeTestMethod(Invoker.java:901)
	at org.testng.internal.Invoker.invokeTestMethods(Invoker.java:1231)
	at org.testng.internal.TestMethodWorker.invokeTestMethods(TestMethodWorker.java:127)
	at org.testng.internal.TestMethodWorker.run(TestMethodWorker.java:111)
	at org.testng.TestRunner.privateRun(TestRunner.java:767)
	at org.testng.TestRunner.run(TestRunner.java:617)
	at org.testng.SuiteRunner.runTest(SuiteRunner.java:334)
	at org.testng.SuiteRunner.access$000(SuiteRunner.java:37)
	at org.testng.SuiteRunner$SuiteWorker.run(SuiteRunner.java:368)
	at org.testng.internal.thread.ThreadUtil$2.call(ThreadUtil.java:64)
	at java.util.concurrent.FutureTask.run(FutureTask.java:266)
	at java.util.concurrent.ThreadPoolExecutor.runWorker(ThreadPoolExecutor.java:1149)
	at java.util.concurrent.ThreadPoolExecutor$Worker.run(ThreadPoolExecutor.java:624)
	at java.lang.Thread.run(Thread.java:748)
]]>
            </full-stacktrace>
          </exception> <!-- org.testng.SkipException -->
          <reporter-output>
          </reporter-output>
        </test-method> <!-- Dummy1 -->
        <test-method status="PASS" signature="extentClose()[pri:0, instance:Swift.AppTest@57536d79]" name="extentClose" is-config="true" duration-ms="38" started-at="2018-07-19T10:34:03Z" finished-at="2018-07-19T10:34:03Z">
          <reporter-output>
          </reporter-output>
        </test-method> <!-- extentClose -->
        <test-method status="FAIL" signature="Dummy2()[pri:0, instance:Swift.AppTest@57536d79]" name="Dummy2" duration-ms="2" started-at="2018-07-19T10:34:03Z" description="The is a demo test case to record failure" finished-at="2018-07-19T10:34:03Z">
          <exception class="java.lang.AssertionError">
            <message>
              <![CDATA[Demo Failure message]]>
            </message>
            <full-stacktrace>
              <![CDATA[java.lang.AssertionError: Demo Failure message
	at org.testng.Assert.fail(Assert.java:94)
	at Swift.AppTest.Dummy2(AppTest.java:147)
	at sun.reflect.NativeMethodAccessorImpl.invoke0(Native Method)
	at sun.reflect.NativeMethodAccessorImpl.invoke(NativeMethodAccessorImpl.java:62)
	at sun.reflect.DelegatingMethodAccessorImpl.invoke(DelegatingMethodAccessorImpl.java:43)
	at java.lang.reflect.Method.invoke(Method.java:498)
	at org.testng.internal.MethodInvocationHelper.invokeMethod(MethodInvocationHelper.java:80)
	at org.testng.internal.Invoker.invokeMethod(Invoker.java:714)
	at org.testng.internal.Invoker.invokeTestMethod(Invoker.java:901)
	at org.testng.internal.Invoker.invokeTestMethods(Invoker.java:1231)
	at org.testng.internal.TestMethodWorker.invokeTestMethods(TestMethodWorker.java:127)
	at org.testng.internal.TestMethodWorker.run(TestMethodWorker.java:111)
	at org.testng.TestRunner.privateRun(TestRunner.java:767)
	at org.testng.TestRunner.run(TestRunner.java:617)
	at org.testng.SuiteRunner.runTest(SuiteRunner.java:334)
	at org.testng.SuiteRunner.access$000(SuiteRunner.java:37)
	at org.testng.SuiteRunner$SuiteWorker.run(SuiteRunner.java:368)
	at org.testng.internal.thread.ThreadUtil$2.call(ThreadUtil.java:64)
	at java.util.concurrent.FutureTask.run(FutureTask.java:266)
	at java.util.concurrent.ThreadPoolExecutor.runWorker(ThreadPoolExecutor.java:1149)
	at java.util.concurrent.ThreadPoolExecutor$Worker.run(ThreadPoolExecutor.java:624)
	at java.lang.Thread.run(Thread.java:748)
]]>
            </full-stacktrace>
          </exception> <!-- java.lang.AssertionError -->
          <reporter-output>
          </reporter-output>
        </test-method> <!-- Dummy2 -->
        <test-method status="PASS" signature="extentClose()[pri:0, instance:Swift.AppTest@57536d79]" name="extentClose" is-config="true" duration-ms="82" started-at="2018-07-19T10:34:03Z" finished-at="2018-07-19T10:34:03Z">
          <reporter-output>
          </reporter-output>
        </test-method> <!-- extentClose -->
        <test-method status="FAIL" signature="verifyElements()[pri:0, instance:Swift.AppTest@57536d79]" name="verifyElements" duration-ms="102236" started-at="2018-07-19T10:34:03Z" description="Verify the elements on the Login Page" depends-on-methods="Swift.AppTest.launchSwiftIE1" finished-at="2018-07-19T10:35:46Z">
          <exception class="org.openqa.selenium.NoSuchWindowException">
            <message>
              <![CDATA[Currently focused window has been closed.
Build info: version: '3.12.0', revision: '7c6e0b3', time: '2018-05-08T14:04:26.12Z'
System info: host: 'QH11284374', ip: '10.56.179.44', os.name: 'Windows 7', os.arch: 'amd64', os.version: '6.1', java.version: '1.8.0_171'
Driver info: org.openqa.selenium.ie.InternetExplorerDriver
Capabilities {acceptInsecureCerts: false, browserName: internet explorer, browserVersion: 11, javascriptEnabled: true, pageLoadStrategy: normal, platform: WINDOWS, platformName: WINDOWS, proxy: Proxy(), se:ieOptions: {browserAttachTimeout: 0, elementScrollBehavior: 0, enablePersistentHover: true, ie.browserCommandLineSwitches: , ie.ensureCleanSession: false, ie.fileUploadDialogTimeout: 3000, ie.forceCreateProcessApi: false, ignoreProtectedModeSettings: false, ignoreZoomSetting: false, initialBrowserUrl: http://localhost:9630/, nativeEvents: true, requireWindowFocus: false}, setWindowRect: true, timeouts: {implicit: 0, pageLoad: 300000, script: 30000}}
Session ID: 49b1594b-8350-4f6e-8991-98740ea210c9
*** Element info: {Using=xpath, value=//*[@id='UserName']}]]>
            </message>
            <full-stacktrace>
              <![CDATA[org.openqa.selenium.NoSuchWindowException: Currently focused window has been closed.
Build info: version: '3.12.0', revision: '7c6e0b3', time: '2018-05-08T14:04:26.12Z'
System info: host: 'QH11284374', ip: '10.56.179.44', os.name: 'Windows 7', os.arch: 'amd64', os.version: '6.1', java.version: '1.8.0_171'
Driver info: org.openqa.selenium.ie.InternetExplorerDriver
Capabilities {acceptInsecureCerts: false, browserName: internet explorer, browserVersion: 11, javascriptEnabled: true, pageLoadStrategy: normal, platform: WINDOWS, platformName: WINDOWS, proxy: Proxy(), se:ieOptions: {browserAttachTimeout: 0, elementScrollBehavior: 0, enablePersistentHover: true, ie.browserCommandLineSwitches: , ie.ensureCleanSession: false, ie.fileUploadDialogTimeout: 3000, ie.forceCreateProcessApi: false, ignoreProtectedModeSettings: false, ignoreZoomSetting: false, initialBrowserUrl: http://localhost:9630/, nativeEvents: true, requireWindowFocus: false}, setWindowRect: true, timeouts: {implicit: 0, pageLoad: 300000, script: 30000}}
Session ID: 49b1594b-8350-4f6e-8991-98740ea210c9
*** Element info: {Using=xpath, value=//*[@id='UserName']}
	at sun.reflect.NativeConstructorAccessorImpl.newInstance0(Native Method)
	at sun.reflect.NativeConstructorAccessorImpl.newInstance(NativeConstructorAccessorImpl.java:62)
	at sun.reflect.DelegatingConstructorAccessorImpl.newInstance(DelegatingConstructorAccessorImpl.java:45)
	at java.lang.reflect.Constructor.newInstance(Constructor.java:423)
	at org.openqa.selenium.remote.http.W3CHttpResponseCodec.createException(W3CHttpResponseCodec.java:187)
	at org.openqa.selenium.remote.http.W3CHttpResponseCodec.decode(W3CHttpResponseCodec.java:122)
	at org.openqa.selenium.remote.http.W3CHttpResponseCodec.decode(W3CHttpResponseCodec.java:49)
	at org.openqa.selenium.remote.HttpCommandExecutor.execute(HttpCommandExecutor.java:158)
	at org.openqa.selenium.remote.service.DriverCommandExecutor.execute(DriverCommandExecutor.java:83)
	at org.openqa.selenium.remote.RemoteWebDriver.execute(RemoteWebDriver.java:543)
	at org.openqa.selenium.remote.RemoteWebDriver.findElement(RemoteWebDriver.java:317)
	at org.openqa.selenium.remote.RemoteWebDriver.findElementByXPath(RemoteWebDriver.java:419)
	at org.openqa.selenium.By$ByXPath.findElement(By.java:353)
	at org.openqa.selenium.remote.RemoteWebDriver.findElement(RemoteWebDriver.java:309)
	at Swift.AppTest.verifyElements(AppTest.java:42)
	at sun.reflect.NativeMethodAccessorImpl.invoke0(Native Method)
	at sun.reflect.NativeMethodAccessorImpl.invoke(NativeMethodAccessorImpl.java:62)
	at sun.reflect.DelegatingMethodAccessorImpl.invoke(DelegatingMethodAccessorImpl.java:43)
	at java.lang.reflect.Method.invoke(Method.java:498)
	at org.testng.internal.MethodInvocationHelper.invokeMethod(MethodInvocationHelper.java:80)
	at org.testng.internal.Invoker.invokeMethod(Invoker.java:714)
	at org.testng.internal.Invoker.invokeTestMethod(Invoker.java:901)
	at org.testng.internal.Invoker.invokeTestMethods(Invoker.java:1231)
	at org.testng.internal.TestMethodWorker.invokeTestMethods(TestMethodWorker.java:127)
	at org.testng.internal.TestMethodWorker.run(TestMethodWorker.java:111)
	at org.testng.TestRunner.privateRun(TestRunner.java:767)
	at org.testng.TestRunner.run(TestRunner.java:617)
	at org.testng.SuiteRunner.runTest(SuiteRunner.java:334)
	at org.testng.SuiteRunner.access$000(SuiteRunner.java:37)
	at org.testng.SuiteRunner$SuiteWorker.run(SuiteRunner.java:368)
	at org.testng.internal.thread.ThreadUtil$2.call(ThreadUtil.java:64)
	at java.util.concurrent.FutureTask.run(FutureTask.java:266)
	at java.util.concurrent.ThreadPoolExecutor.runWorker(ThreadPoolExecutor.java:1149)
	at java.util.concurrent.ThreadPoolExecutor$Worker.run(ThreadPoolExecutor.java:624)
	at java.lang.Thread.run(Thread.java:748)
]]>
            </full-stacktrace>
          </exception> <!-- org.openqa.selenium.NoSuchWindowException -->
          <reporter-output>
          </reporter-output>
        </test-method> <!-- verifyElements -->
        <test-method status="PASS" signature="extentClose()[pri:0, instance:Swift.AppTest@57536d79]" name="extentClose" is-config="true" duration-ms="36" started-at="2018-07-19T10:35:46Z" finished-at="2018-07-19T10:35:46Z">
          <reporter-output>
          </reporter-output>
        </test-method> <!-- extentClose -->
        <test-method status="FAIL" signature="logInInvalid()[pri:0, instance:Swift.AppTest@57536d79]" name="logInInvalid" duration-ms="13" started-at="2018-07-19T10:35:46Z" description="Launch the application and test with invalid user and it should fail" depends-on-methods="Swift.AppTest.launchSwiftIE1" finished-at="2018-07-19T10:35:46Z">
          <exception class="org.openqa.selenium.NoSuchWindowException">
            <message>
              <![CDATA[Currently focused window has been closed.
Build info: version: '3.12.0', revision: '7c6e0b3', time: '2018-05-08T14:04:26.12Z'
System info: host: 'QH11284374', ip: '10.56.179.44', os.name: 'Windows 7', os.arch: 'amd64', os.version: '6.1', java.version: '1.8.0_171'
Driver info: org.openqa.selenium.ie.InternetExplorerDriver
Capabilities {acceptInsecureCerts: false, browserName: internet explorer, browserVersion: 11, javascriptEnabled: true, pageLoadStrategy: normal, platform: WINDOWS, platformName: WINDOWS, proxy: Proxy(), se:ieOptions: {browserAttachTimeout: 0, elementScrollBehavior: 0, enablePersistentHover: true, ie.browserCommandLineSwitches: , ie.ensureCleanSession: false, ie.fileUploadDialogTimeout: 3000, ie.forceCreateProcessApi: false, ignoreProtectedModeSettings: false, ignoreZoomSetting: false, initialBrowserUrl: http://localhost:9630/, nativeEvents: true, requireWindowFocus: false}, setWindowRect: true, timeouts: {implicit: 0, pageLoad: 300000, script: 30000}}
Session ID: 49b1594b-8350-4f6e-8991-98740ea210c9
*** Element info: {Using=xpath, value=//*[@id='UserName']}]]>
            </message>
            <full-stacktrace>
              <![CDATA[org.openqa.selenium.NoSuchWindowException: Currently focused window has been closed.
Build info: version: '3.12.0', revision: '7c6e0b3', time: '2018-05-08T14:04:26.12Z'
System info: host: 'QH11284374', ip: '10.56.179.44', os.name: 'Windows 7', os.arch: 'amd64', os.version: '6.1', java.version: '1.8.0_171'
Driver info: org.openqa.selenium.ie.InternetExplorerDriver
Capabilities {acceptInsecureCerts: false, browserName: internet explorer, browserVersion: 11, javascriptEnabled: true, pageLoadStrategy: normal, platform: WINDOWS, platformName: WINDOWS, proxy: Proxy(), se:ieOptions: {browserAttachTimeout: 0, elementScrollBehavior: 0, enablePersistentHover: true, ie.browserCommandLineSwitches: , ie.ensureCleanSession: false, ie.fileUploadDialogTimeout: 3000, ie.forceCreateProcessApi: false, ignoreProtectedModeSettings: false, ignoreZoomSetting: false, initialBrowserUrl: http://localhost:9630/, nativeEvents: true, requireWindowFocus: false}, setWindowRect: true, timeouts: {implicit: 0, pageLoad: 300000, script: 30000}}
Session ID: 49b1594b-8350-4f6e-8991-98740ea210c9
*** Element info: {Using=xpath, value=//*[@id='UserName']}
	at sun.reflect.NativeConstructorAccessorImpl.newInstance0(Native Method)
	at sun.reflect.NativeConstructorAccessorImpl.newInstance(NativeConstructorAccessorImpl.java:62)
	at sun.reflect.DelegatingConstructorAccessorImpl.newInstance(DelegatingConstructorAccessorImpl.java:45)
	at java.lang.reflect.Constructor.newInstance(Constructor.java:423)
	at org.openqa.selenium.remote.http.W3CHttpResponseCodec.createException(W3CHttpResponseCodec.java:187)
	at org.openqa.selenium.remote.http.W3CHttpResponseCodec.decode(W3CHttpResponseCodec.java:122)
	at org.openqa.selenium.remote.http.W3CHttpResponseCodec.decode(W3CHttpResponseCodec.java:49)
	at org.openqa.selenium.remote.HttpCommandExecutor.execute(HttpCommandExecutor.java:158)
	at org.openqa.selenium.remote.service.DriverCommandExecutor.execute(DriverCommandExecutor.java:83)
	at org.openqa.selenium.remote.RemoteWebDriver.execute(RemoteWebDriver.java:543)
	at org.openqa.selenium.remote.RemoteWebDriver.findElement(RemoteWebDriver.java:317)
	at org.openqa.selenium.remote.RemoteWebDriver.findElementByXPath(RemoteWebDriver.java:419)
	at org.openqa.selenium.By$ByXPath.findElement(By.java:353)
	at org.openqa.selenium.remote.RemoteWebDriver.findElement(RemoteWebDriver.java:309)
	at Swift.AppTest.logInInvalid(AppTest.java:68)
	at sun.reflect.NativeMethodAccessorImpl.invoke0(Native Method)
	at sun.reflect.NativeMethodAccessorImpl.invoke(NativeMethodAccessorImpl.java:62)
	at sun.reflect.DelegatingMethodAccessorImpl.invoke(DelegatingMethodAccessorImpl.java:43)
	at java.lang.reflect.Method.invoke(Method.java:498)
	at org.testng.internal.MethodInvocationHelper.invokeMethod(MethodInvocationHelper.java:80)
	at org.testng.internal.Invoker.invokeMethod(Invoker.java:714)
	at org.testng.internal.Invoker.invokeTestMethod(Invoker.java:901)
	at org.testng.internal.Invoker.invokeTestMethods(Invoker.java:1231)
	at org.testng.internal.TestMethodWorker.invokeTestMethods(TestMethodWorker.java:127)
	at org.testng.internal.TestMethodWorker.run(TestMethodWorker.java:111)
	at org.testng.TestRunner.privateRun(TestRunner.java:767)
	at org.testng.TestRunner.run(TestRunner.java:617)
	at org.testng.SuiteRunner.runTest(SuiteRunner.java:334)
	at org.testng.SuiteRunner.access$000(SuiteRunner.java:37)
	at org.testng.SuiteRunner$SuiteWorker.run(SuiteRunner.java:368)
	at org.testng.internal.thread.ThreadUtil$2.call(ThreadUtil.java:64)
	at java.util.concurrent.FutureTask.run(FutureTask.java:266)
	at java.util.concurrent.ThreadPoolExecutor.runWorker(ThreadPoolExecutor.java:1149)
	at java.util.concurrent.ThreadPoolExecutor$Worker.run(ThreadPoolExecutor.java:624)
	at java.lang.Thread.run(Thread.java:748)
]]>
            </full-stacktrace>
          </exception> <!-- org.openqa.selenium.NoSuchWindowException -->
          <reporter-output>
          </reporter-output>
        </test-method> <!-- logInInvalid -->
        <test-method status="PASS" signature="extentClose()[pri:0, instance:Swift.AppTest@57536d79]" name="extentClose" is-config="true" duration-ms="27" started-at="2018-07-19T10:35:46Z" finished-at="2018-07-19T10:35:46Z">
          <reporter-output>
          </reporter-output>
        </test-method> <!-- extentClose -->
        <test-method status="FAIL" signature="logIn()[pri:0, instance:Swift.AppTest@57536d79]" name="logIn" duration-ms="31078431" started-at="2018-07-19T10:35:46Z" description="Login should be successful " depends-on-methods="Swift.AppTest.launchSwiftIE1" finished-at="2018-07-19T19:13:44Z">
          <exception class="org.openqa.selenium.WebDriverException">
            <message>
              <![CDATA[java.net.SocketTimeoutException: Read timed out
Build info: version: '3.12.0', revision: '7c6e0b3', time: '2018-05-08T14:04:26.12Z'
System info: host: 'QH11284374', ip: '10.56.179.44', os.name: 'Windows 7', os.arch: 'amd64', os.version: '6.1', java.version: '1.8.0_171'
Driver info: driver.version: RemoteWebDriver]]>
            </message>
            <full-stacktrace>
              <![CDATA[org.openqa.selenium.WebDriverException: java.net.SocketTimeoutException: Read timed out
Build info: version: '3.12.0', revision: '7c6e0b3', time: '2018-05-08T14:04:26.12Z'
System info: host: 'QH11284374', ip: '10.56.179.44', os.name: 'Windows 7', os.arch: 'amd64', os.version: '6.1', java.version: '1.8.0_171'
Driver info: driver.version: RemoteWebDriver
	at org.openqa.selenium.remote.service.DriverCommandExecutor.execute(DriverCommandExecutor.java:92)
	at org.openqa.selenium.remote.RemoteWebDriver.execute(RemoteWebDriver.java:543)
	at org.openqa.selenium.remote.RemoteWebDriver.get(RemoteWebDriver.java:271)
	at org.openqa.selenium.remote.RemoteWebDriver$RemoteNavigation.to(RemoteWebDriver.java:848)
	at Swift.AppTest.logIn(AppTest.java:90)
	at sun.reflect.NativeMethodAccessorImpl.invoke0(Native Method)
	at sun.reflect.NativeMethodAccessorImpl.invoke(NativeMethodAccessorImpl.java:62)
	at sun.reflect.DelegatingMethodAccessorImpl.invoke(DelegatingMethodAccessorImpl.java:43)
	at java.lang.reflect.Method.invoke(Method.java:498)
	at org.testng.internal.MethodInvocationHelper.invokeMethod(MethodInvocationHelper.java:80)
	at org.testng.internal.Invoker.invokeMethod(Invoker.java:714)
	at org.testng.internal.Invoker.invokeTestMethod(Invoker.java:901)
	at org.testng.internal.Invoker.invokeTestMethods(Invoker.java:1231)
	at org.testng.internal.TestMethodWorker.invokeTestMethods(TestMethodWorker.java:127)
	at org.testng.internal.TestMethodWorker.run(TestMethodWorker.java:111)
	at org.testng.TestRunner.privateRun(TestRunner.java:767)
	at org.testng.TestRunner.run(TestRunner.java:617)
	at org.testng.SuiteRunner.runTest(SuiteRunner.java:334)
	at org.testng.SuiteRunner.access$000(SuiteRunner.java:37)
	at org.testng.SuiteRunner$SuiteWorker.run(SuiteRunner.java:368)
	at org.testng.internal.thread.ThreadUtil$2.call(ThreadUtil.java:64)
	at java.util.concurrent.FutureTask.run(FutureTask.java:266)
	at java.util.concurrent.ThreadPoolExecutor.runWorker(ThreadPoolExecutor.java:1149)
	at java.util.concurrent.ThreadPoolExecutor$Worker.run(ThreadPoolExecutor.java:624)
	at java.lang.Thread.run(Thread.java:748)
Caused by: java.net.SocketTimeoutException: Read timed out
	at java.net.SocketInputStream.socketRead0(Native Method)
	at java.net.SocketInputStream.socketRead(SocketInputStream.java:116)
	at java.net.SocketInputStream.read(SocketInputStream.java:171)
	at java.net.SocketInputStream.read(SocketInputStream.java:141)
	at okio.Okio$2.read(Okio.java:139)
	at okio.AsyncTimeout$2.read(AsyncTimeout.java:237)
	at okio.RealBufferedSource.indexOf(RealBufferedSource.java:345)
	at okio.RealBufferedSource.readUtf8LineStrict(RealBufferedSource.java:217)
	at okhttp3.internal.http1.Http1Codec.readHeaderLine(Http1Codec.java:212)
	at okhttp3.internal.http1.Http1Codec.readResponseHeaders(Http1Codec.java:189)
	at okhttp3.internal.http.CallServerInterceptor.intercept(CallServerInterceptor.java:88)
	at okhttp3.internal.http.RealInterceptorChain.proceed(RealInterceptorChain.java:147)
	at okhttp3.internal.connection.ConnectInterceptor.intercept(ConnectInterceptor.java:45)
	at okhttp3.internal.http.RealInterceptorChain.proceed(RealInterceptorChain.java:147)
	at okhttp3.internal.http.RealInterceptorChain.proceed(RealInterceptorChain.java:121)
	at okhttp3.internal.cache.CacheInterceptor.intercept(CacheInterceptor.java:93)
	at okhttp3.internal.http.RealInterceptorChain.proceed(RealInterceptorChain.java:147)
	at okhttp3.internal.http.RealInterceptorChain.proceed(RealInterceptorChain.java:121)
	at okhttp3.internal.http.BridgeInterceptor.intercept(BridgeInterceptor.java:93)
	at okhttp3.internal.http.RealInterceptorChain.proceed(RealInterceptorChain.java:147)
	at okhttp3.internal.http.RetryAndFollowUpInterceptor.intercept(RetryAndFollowUpInterceptor.java:125)
	at okhttp3.internal.http.RealInterceptorChain.proceed(RealInterceptorChain.java:147)
	at okhttp3.internal.http.RealInterceptorChain.proceed(RealInterceptorChain.java:121)
	at okhttp3.RealCall.getResponseWithInterceptorChain(RealCall.java:200)
	at okhttp3.RealCall.execute(RealCall.java:77)
	at org.openqa.selenium.remote.internal.OkHttpClient.execute(OkHttpClient.java:105)
	at org.openqa.selenium.remote.HttpCommandExecutor.execute(HttpCommandExecutor.java:155)
	at org.openqa.selenium.remote.service.DriverCommandExecutor.execute(DriverCommandExecutor.java:83)
	... 24 more
]]>
            </full-stacktrace>
          </exception> <!-- org.openqa.selenium.WebDriverException -->
          <reporter-output>
          </reporter-output>
        </test-method> <!-- logIn -->
        <test-method status="PASS" signature="extentClose()[pri:0, instance:Swift.AppTest@57536d79]" name="extentClose" is-config="true" duration-ms="157" started-at="2018-07-19T19:13:44Z" finished-at="2018-07-19T19:13:44Z">
          <reporter-output>
          </reporter-output>
        </test-method> <!-- extentClose -->
        <test-method status="SKIP" signature="checktabs()[pri:0, instance:Swift.AppTest@57536d79]" name="checktabs" duration-ms="0" started-at="2018-07-19T19:13:44Z" description="Check all the menu tabs and click to check Navigation in menu works" depends-on-methods="Swift.AppTest.logIn" finished-at="2018-07-19T19:13:44Z">
          <reporter-output>
          </reporter-output>
        </test-method> <!-- checktabs -->
        <test-method status="SKIP" signature="Footerlink()[pri:0, instance:Swift.AppTest@57536d79]" name="Footerlink" duration-ms="0" started-at="2018-07-19T19:13:44Z" description="Links at the footer exits" depends-on-methods="Swift.AppTest.checktabs, Swift.AppTest.logIn" finished-at="2018-07-19T19:13:44Z">
          <reporter-output>
          </reporter-output>
        </test-method> <!-- Footerlink -->
        <test-method status="SKIP" signature="logOUT()[pri:0, instance:Swift.AppTest@57536d79]" name="logOUT" duration-ms="1" started-at="2018-07-19T19:13:44Z" description="This is checking the Logout Button and logout Operations " depends-on-methods="Swift.AppTest.logIn, Swift.AppTest.Footerlink" finished-at="2018-07-19T19:13:44Z">
          <reporter-output>
          </reporter-output>
        </test-method> <!-- logOUT -->
        <test-method status="PASS" signature="dClose()[pri:0, instance:Swift.AppTest@57536d79]" name="dClose" is-config="true" duration-ms="0" started-at="2018-07-19T19:13:44Z" finished-at="2018-07-19T19:13:44Z">
          <reporter-output>
          </reporter-output>
        </test-method> <!-- dClose -->
      </class> <!-- Swift.AppTest -->
    </test> <!-- Apptest2 -->
  </suite> <!-- Sanitytest -->
</testng-results>
