<?xml version="1.0" encoding="UTF-8"?>
<!-- Generated by org.testng.reporters.JUnitXMLReporter -->
<testsuite hostname="qh11284374" name="Apptest2" tests="6" failures="1" timestamp="19 Jun 2018 04:06:42 GMT" time="216.75" errors="0">
  <testcase name="launchSwift1" time="196.173" classname="Swift.Apptest2"/>
  <testcase name="logIn" time="20.526" classname="Swift.Apptest2">
    <failure type="org.openqa.selenium.json.JsonException" message="java.lang.IllegalStateException: Expected BEGIN_OBJECT but was STRING at line 1 column 1 path $
Build info: version: &amp;apos;3.12.0&amp;apos;, revision: &amp;apos;7c6e0b3&amp;apos;, time: &amp;apos;2018-05-08T14:04:26.12Z&amp;apos;
System info: host: &amp;apos;QH11284374&amp;apos;, ip: &amp;apos;10.56.179.44&amp;apos;, os.name: &amp;apos;Windows 7&amp;apos;, os.arch: &amp;apos;amd64&amp;apos;, os.version: &amp;apos;6.1&amp;apos;, java.version: &amp;apos;1.8.0_171&amp;apos;
Driver info: driver.version: RemoteWebDriver">
      <![CDATA[org.openqa.selenium.json.JsonException: java.lang.IllegalStateException: Expected BEGIN_OBJECT but was STRING at line 1 column 1 path $
Build info: version: '3.12.0', revision: '7c6e0b3', time: '2018-05-08T14:04:26.12Z'
System info: host: 'QH11284374', ip: '10.56.179.44', os.name: 'Windows 7', os.arch: 'amd64', os.version: '6.1', java.version: '1.8.0_171'
Driver info: driver.version: RemoteWebDriver
	at org.openqa.selenium.json.JsonInput.execute(JsonInput.java:172)
	at org.openqa.selenium.json.JsonInput.beginObject(JsonInput.java:103)
	at org.openqa.selenium.json.MapCoercer.lambda$apply$1(MapCoercer.java:64)
	at org.openqa.selenium.json.JsonTypeCoercer.lambda$null$6(JsonTypeCoercer.java:142)
	at org.openqa.selenium.json.JsonTypeCoercer.coerce(JsonTypeCoercer.java:122)
	at org.openqa.selenium.json.Json.toType(Json.java:62)
	at org.openqa.selenium.json.Json.toType(Json.java:52)
	at org.openqa.selenium.remote.http.W3CHttpResponseCodec.decode(W3CHttpResponseCodec.java:87)
	at org.openqa.selenium.remote.http.W3CHttpResponseCodec.decode(W3CHttpResponseCodec.java:49)
	at org.openqa.selenium.remote.HttpCommandExecutor.execute(HttpCommandExecutor.java:158)
	at org.openqa.selenium.remote.service.DriverCommandExecutor.execute(DriverCommandExecutor.java:83)
	at org.openqa.selenium.remote.RemoteWebDriver.execute(RemoteWebDriver.java:543)
	at org.openqa.selenium.remote.RemoteWebDriver.findElement(RemoteWebDriver.java:317)
	at org.openqa.selenium.remote.RemoteWebDriver.findElementByXPath(RemoteWebDriver.java:419)
	at org.openqa.selenium.By$ByXPath.findElement(By.java:353)
	at org.openqa.selenium.remote.RemoteWebDriver.findElement(RemoteWebDriver.java:309)
	at Swift.Apptest2.logIn(Apptest2.java:49)
	at java.util.concurrent.FutureTask.run(Unknown Source)
	at java.util.concurrent.ThreadPoolExecutor.runWorker(Unknown Source)
	at java.util.concurrent.ThreadPoolExecutor$Worker.run(Unknown Source)
	at java.lang.Thread.run(Unknown Source)
Caused by: java.lang.IllegalStateException: Expected BEGIN_OBJECT but was STRING at line 1 column 1 path $
	at com.google.gson.stream.JsonReader.beginObject(JsonReader.java:385)
	at org.openqa.selenium.json.JsonInput$VoidCallable.call(JsonInput.java:181)
	at org.openqa.selenium.json.JsonInput$VoidCallable.call(JsonInput.java:176)
	at org.openqa.selenium.json.JsonInput.execute(JsonInput.java:168)
	... 36 more
... Removed 16 stack frames]]>
    </failure>
  </testcase> <!-- logIn -->
  <testcase name="Setaccess" time="0.001" classname="Swift.Apptest2">
    <skipped/>
  </testcase> <!-- Setaccess -->
  <testcase name="Setaccess1" time="0.0" classname="Swift.Apptest2">
    <skipped/>
  </testcase> <!-- Setaccess1 -->
  <testcase name="Setaccess2" time="0.0" classname="Swift.Apptest2">
    <skipped/>
  </testcase> <!-- Setaccess2 -->
  <testcase name="Setaccess3" time="0.0" classname="Swift.Apptest2">
    <skipped/>
  </testcase> <!-- Setaccess3 -->
</testsuite> <!-- Apptest2 -->
